
Bookモデルのテスト
  バリデーションのテスト
    titleカラム
[31m      空欄でないこと (FAILED - 1)[0m
    bodyカラム
[31m      空欄でないこと (FAILED - 2)[0m
[31m      200文字以下であること (FAILED - 3)[0m
  アソシエーションのテスト
    Userモデルとの関係
[31m      N:1となっている (FAILED - 4)[0m

Userモデルのテスト
  バリデーションのテスト
    nameカラム
[31m      空欄でないこと (FAILED - 5)[0m
[31m      2文字以上であること (FAILED - 6)[0m
[31m      20文字以下であること (FAILED - 7)[0m
    introductionカラム
[31m      50文字以下であること (FAILED - 8)[0m
  アソシエーションのテスト
    Bookモデルとの関係
[31m      1:Nとなっている (FAILED - 9)[0m

投稿のテスト
  サイドバーのテスト
    表示の確認
[31m      New bookと表示される (FAILED - 10)[0m
[31m      titleフォームが表示される (FAILED - 11)[0m
[31m      opinionフォームが表示される (FAILED - 12)[0m
[31m      Create Bookボタンが表示される (FAILED - 13)[0m
[31m      投稿に成功する (FAILED - 14)[0m
[31m      投稿に失敗する (FAILED - 15)[0m
  編集のテスト
    自分の投稿の編集画面への遷移
[31m      遷移できる (FAILED - 16)[0m
    他人の投稿の編集画面への遷移
[31m      遷移できない (FAILED - 17)[0m
    表示の確認
[31m      Editing Bookと表示される (FAILED - 18)[0m
[31m      title編集フォームが表示される (FAILED - 19)[0m
[31m      opinion編集フォームが表示される (FAILED - 20)[0m
[31m      Showリンクが表示される (FAILED - 21)[0m
[31m      Backリンクが表示される (FAILED - 22)[0m
    フォームの確認
[31m      編集に成功する (FAILED - 23)[0m
[31m      編集に失敗する (FAILED - 24)[0m
  一覧画面のテスト
    表示の確認
[31m      Booksと表示される (FAILED - 25)[0m
[31m      自分と他人の画像のリンク先が正しい (FAILED - 26)[0m
[31m      自分と他人のタイトルのリンク先が正しい (FAILED - 27)[0m
[31m      自分と他人のオピニオンが表示される (FAILED - 28)[0m
  詳細画面のテスト
    自分・他人共通の投稿詳細画面の表示を確認
[31m      Book detailと表示される (FAILED - 29)[0m
[31m      ユーザー画像・名前のリンク先が正しい (FAILED - 30)[0m
[31m      投稿のtitleが表示される (FAILED - 31)[0m
[31m      投稿のopinionが表示される (FAILED - 32)[0m
    自分の投稿詳細画面の表示を確認
[31m      投稿の編集リンクが表示される (FAILED - 33)[0m
[31m      投稿の削除リンクが表示される (FAILED - 34)[0m
    他人の投稿詳細画面の表示を確認
[31m      投稿の編集リンクが表示されない (FAILED - 35)[0m
[31m      投稿の削除リンクが表示されない (FAILED - 36)[0m

bootstrapのテスト
  グリッドシステムのテスト
    ユーザー関連画面
[31m      一覧画面 (FAILED - 37)[0m
[31m      詳細画面 (FAILED - 38)[0m
    投稿関連画面
[31m      一覧画面 (FAILED - 39)[0m
[31m      詳細画面 (FAILED - 40)[0m

ヘッダーのテスト
  ログインしていない場合
    ヘッダーの表示を確認
[31m      タイトルが表示される (FAILED - 41)[0m
[31m      Homeリンクが表示される (FAILED - 42)[0m
[31m      Aboutリンクが表示される (FAILED - 43)[0m
[31m      Sign upリンクが表示される (FAILED - 44)[0m
[31m      loginリンクが表示される (FAILED - 45)[0m
    ヘッダーのリンクを確認
[31m      Home画面に遷移する (FAILED - 46)[0m
[31m      About画面に遷移する (FAILED - 47)[0m
[31m      新規登録画面に遷移する (FAILED - 48)[0m
[31m      ログイン画面に遷移する (FAILED - 49)[0m
  ログインしている場合
    ヘッダーの表示を確認
[31m      タイトルが表示される (FAILED - 50)[0m
[31m      Homeリンクが表示される (FAILED - 51)[0m
[31m      Usersリンクが表示される (FAILED - 52)[0m
[31m      Booksリンクが表示される (FAILED - 53)[0m
[31m      logoutリンクが表示される (FAILED - 54)[0m
    ヘッダーのリンクを確認
[31m      Home画面に遷移する (FAILED - 55)[0m
[31m      Users画面に遷移する (FAILED - 56)[0m
[31m      Books画面に遷移する (FAILED - 57)[0m
[31m      logoutする (FAILED - 58)[0m

ユーザー権限のテスト
  ログインしていない場合
    投稿関連のURLにアクセス
[31m      一覧画面に遷移できない (FAILED - 59)[0m
[31m      編集画面に遷移できない (FAILED - 60)[0m
[31m      詳細画面に遷移できない (FAILED - 61)[0m
  ログインしていない場合にユーザー関連のURLにアクセス
    ユーザー関連のURLにアクセス
[31m      一覧画面に遷移できない (FAILED - 62)[0m
[31m      編集画面に遷移できない (FAILED - 63)[0m
[31m      詳細画面に遷移でない (FAILED - 64)[0m

トップページのテスト
  ボディ部分のテスト
    表示の確認
[31m      Log inリンクが表示される (FAILED - 65)[0m
[31m      Sign Upリンクが表示される (FAILED - 66)[0m
    ログインしている場合の挙動を確認
[31m      Log inリンクをクリックしたらユーザー詳細画面へ遷移する (FAILED - 67)[0m
[31m      Sign Upリンクをクリックしたらユーザー詳細画面に遷移する (FAILED - 68)[0m
    ログインしていない場合の挙動を確認
[31m      Log inリンクをクリックしたらログイン画面へ遷移する (FAILED - 69)[0m
[31m      Sign Upリンクをクリックしたら新規登録画面に遷移する (FAILED - 70)[0m

ユーザー認証のテスト
  ユーザー新規登録
    新規登録画面に遷移
[31m      新規登録に成功する (FAILED - 71)[0m
[31m      新規登録に失敗する (FAILED - 72)[0m
  ユーザーログイン
    ログイン画面に遷移
[31m      ログインに成功する (FAILED - 73)[0m
[31m      ログインに失敗する (FAILED - 74)[0m

ユーザーのテスト
  サイドバーのテスト
    表示の確認
[31m      User infoと表示される (FAILED - 75)[0m
[31m      画像が表示される (FAILED - 76)[0m
[31m      名前が表示される (FAILED - 77)[0m
[31m      自己紹介が表示される (FAILED - 78)[0m
[31m      編集リンクが表示される (FAILED - 79)[0m
  編集のテスト
    自分の編集画面への遷移
[31m      遷移できる (FAILED - 80)[0m
    他人の編集画面への遷移
[31m      遷移できない (FAILED - 81)[0m
    表示の確認
[31m      User infoと表示される (FAILED - 82)[0m
[31m      名前編集フォームに自分の名前が表示される (FAILED - 83)[0m
[31m      画像編集フォームが表示される (FAILED - 84)[0m
[31m      自己紹介編集フォームに自分の自己紹介が表示される (FAILED - 85)[0m
[31m      編集に成功する (FAILED - 86)[0m
[31m      編集に失敗する (FAILED - 87)[0m
  一覧画面のテスト
    表示の確認
[31m      Usersと表示される (FAILED - 88)[0m
[31m      自分と他の人の画像が表示される (FAILED - 89)[0m
[31m      自分と他の人の名前が表示される (FAILED - 90)[0m
[31m      showリンクが表示される (FAILED - 91)[0m
  詳細画面のテスト
    表示の確認
[31m      Booksと表示される (FAILED - 92)[0m
[31m      投稿一覧のユーザーの画像のリンク先が正しい (FAILED - 93)[0m
[31m      投稿一覧のtitleのリンク先が正しい (FAILED - 94)[0m
[31m      投稿一覧にopinionが表示される (FAILED - 95)[0m

Failures:

  1) Bookモデルのテスト バリデーションのテスト titleカラム 空欄でないこと
     [31mFailure/Error: let(:user) { create(:user) }[0m
     [31m[0m
     [31mNameError:[0m
     [31m  uninitialized constant User[0m
     [36m# /home/ec2-user/.rvm/gems/ruby-2.6.3/gems/factory_bot-6.1.0/lib/factory_bot/factory.rb:26:in `build_class'[0m
     [36m# /home/ec2-user/.rvm/gems/ruby-2.6.3/gems/factory_bot-6.1.0/lib/factory_bot/factory.rb:87:in `compile'[0m
     [36m# /home/ec2-user/.rvm/gems/ruby-2.6.3/gems/factory_bot-6.1.0/lib/factory_bot/factory_runner.rb:14:in `run'[0m
     [36m# /home/ec2-user/.rvm/gems/ruby-2.6.3/gems/factory_bot-6.1.0/lib/factory_bot/strategy_syntax_method_registrar.rb:28:in `block in define_singular_strategy_method'[0m
     [36m# ./spec/models/book_spec.rb:5:in `block (3 levels) in <top (required)>'[0m
     [36m# ./spec/models/book_spec.rb:6:in `block (3 levels) in <top (required)>'[0m

  2) Bookモデルのテスト バリデーションのテスト bodyカラム 空欄でないこと
     [31mFailure/Error: let(:user) { create(:user) }[0m
     [31m[0m
     [31mNameError:[0m
     [31m  uninitialized constant User[0m
     [36m# /home/ec2-user/.rvm/gems/ruby-2.6.3/gems/factory_bot-6.1.0/lib/factory_bot/factory.rb:26:in `build_class'[0m
     [36m# /home/ec2-user/.rvm/gems/ruby-2.6.3/gems/factory_bot-6.1.0/lib/factory_bot/factory.rb:87:in `compile'[0m
     [36m# /home/ec2-user/.rvm/gems/ruby-2.6.3/gems/factory_bot-6.1.0/lib/factory_bot/factory_runner.rb:14:in `run'[0m
     [36m# /home/ec2-user/.rvm/gems/ruby-2.6.3/gems/factory_bot-6.1.0/lib/factory_bot/strategy_syntax_method_registrar.rb:28:in `block in define_singular_strategy_method'[0m
     [36m# ./spec/models/book_spec.rb:5:in `block (3 levels) in <top (required)>'[0m
     [36m# ./spec/models/book_spec.rb:6:in `block (3 levels) in <top (required)>'[0m

  3) Bookモデルのテスト バリデーションのテスト bodyカラム 200文字以下であること
     [31mFailure/Error: let(:user) { create(:user) }[0m
     [31m[0m
     [31mNameError:[0m
     [31m  uninitialized constant User[0m
     [36m# /home/ec2-user/.rvm/gems/ruby-2.6.3/gems/factory_bot-6.1.0/lib/factory_bot/factory.rb:26:in `build_class'[0m
     [36m# /home/ec2-user/.rvm/gems/ruby-2.6.3/gems/factory_bot-6.1.0/lib/factory_bot/factory.rb:87:in `compile'[0m
     [36m# /home/ec2-user/.rvm/gems/ruby-2.6.3/gems/factory_bot-6.1.0/lib/factory_bot/factory_runner.rb:14:in `run'[0m
     [36m# /home/ec2-user/.rvm/gems/ruby-2.6.3/gems/factory_bot-6.1.0/lib/factory_bot/strategy_syntax_method_registrar.rb:28:in `block in define_singular_strategy_method'[0m
     [36m# ./spec/models/book_spec.rb:5:in `block (3 levels) in <top (required)>'[0m
     [36m# ./spec/models/book_spec.rb:6:in `block (3 levels) in <top (required)>'[0m

  4) Bookモデルのテスト アソシエーションのテスト Userモデルとの関係 N:1となっている
     [31mFailure/Error: expect(Book.reflect_on_association(:user).macro).to eq :belongs_to[0m
     [31m[0m
     [31mNameError:[0m
     [31m  uninitialized constant Book[0m
     [36m# ./spec/models/book_spec.rb:28:in `block (4 levels) in <top (required)>'[0m

  5) Userモデルのテスト バリデーションのテスト nameカラム 空欄でないこと
     [31mFailure/Error: let(:user) { build(:user) }[0m
     [31m[0m
     [31mNameError:[0m
     [31m  uninitialized constant User[0m
     [36m# /home/ec2-user/.rvm/gems/ruby-2.6.3/gems/factory_bot-6.1.0/lib/factory_bot/factory.rb:26:in `build_class'[0m
     [36m# /home/ec2-user/.rvm/gems/ruby-2.6.3/gems/factory_bot-6.1.0/lib/factory_bot/factory.rb:87:in `compile'[0m
     [36m# /home/ec2-user/.rvm/gems/ruby-2.6.3/gems/factory_bot-6.1.0/lib/factory_bot/factory_runner.rb:14:in `run'[0m
     [36m# /home/ec2-user/.rvm/gems/ruby-2.6.3/gems/factory_bot-6.1.0/lib/factory_bot/strategy_syntax_method_registrar.rb:28:in `block in define_singular_strategy_method'[0m
     [36m# ./spec/models/user_spec.rb:10:in `block (3 levels) in <main>'[0m
     [36m# ./spec/models/user_spec.rb:13:in `block (4 levels) in <main>'[0m
     [36m# ./spec/models/user_spec.rb:15:in `block (4 levels) in <main>'[0m

  6) Userモデルのテスト バリデーションのテスト nameカラム 2文字以上であること
     [31mFailure/Error: let(:user) { build(:user) }[0m
     [31m[0m
     [31mNameError:[0m
     [31m  uninitialized constant User[0m
     [36m# /home/ec2-user/.rvm/gems/ruby-2.6.3/gems/factory_bot-6.1.0/lib/factory_bot/factory.rb:26:in `build_class'[0m
     [36m# /home/ec2-user/.rvm/gems/ruby-2.6.3/gems/factory_bot-6.1.0/lib/factory_bot/factory.rb:87:in `compile'[0m
     [36m# /home/ec2-user/.rvm/gems/ruby-2.6.3/gems/factory_bot-6.1.0/lib/factory_bot/factory_runner.rb:14:in `run'[0m
     [36m# /home/ec2-user/.rvm/gems/ruby-2.6.3/gems/factory_bot-6.1.0/lib/factory_bot/strategy_syntax_method_registrar.rb:28:in `block in define_singular_strategy_method'[0m
     [36m# ./spec/models/user_spec.rb:10:in `block (3 levels) in <main>'[0m
     [36m# ./spec/models/user_spec.rb:13:in `block (4 levels) in <main>'[0m
     [36m# ./spec/models/user_spec.rb:19:in `block (4 levels) in <main>'[0m

  7) Userモデルのテスト バリデーションのテスト nameカラム 20文字以下であること
     [31mFailure/Error: let(:user) { build(:user) }[0m
     [31m[0m
     [31mNameError:[0m
     [31m  uninitialized constant User[0m
     [36m# /home/ec2-user/.rvm/gems/ruby-2.6.3/gems/factory_bot-6.1.0/lib/factory_bot/factory.rb:26:in `build_class'[0m
     [36m# /home/ec2-user/.rvm/gems/ruby-2.6.3/gems/factory_bot-6.1.0/lib/factory_bot/factory.rb:87:in `compile'[0m
     [36m# /home/ec2-user/.rvm/gems/ruby-2.6.3/gems/factory_bot-6.1.0/lib/factory_bot/factory_runner.rb:14:in `run'[0m
     [36m# /home/ec2-user/.rvm/gems/ruby-2.6.3/gems/factory_bot-6.1.0/lib/factory_bot/strategy_syntax_method_registrar.rb:28:in `block in define_singular_strategy_method'[0m
     [36m# ./spec/models/user_spec.rb:10:in `block (3 levels) in <main>'[0m
     [36m# ./spec/models/user_spec.rb:13:in `block (4 levels) in <main>'[0m
     [36m# ./spec/models/user_spec.rb:23:in `block (4 levels) in <main>'[0m

  8) Userモデルのテスト バリデーションのテスト introductionカラム 50文字以下であること
     [31mFailure/Error: let(:user) { build(:user) }[0m
     [31m[0m
     [31mNameError:[0m
     [31m  uninitialized constant User[0m
     [36m# /home/ec2-user/.rvm/gems/ruby-2.6.3/gems/factory_bot-6.1.0/lib/factory_bot/factory.rb:26:in `build_class'[0m
     [36m# /home/ec2-user/.rvm/gems/ruby-2.6.3/gems/factory_bot-6.1.0/lib/factory_bot/factory.rb:87:in `compile'[0m
     [36m# /home/ec2-user/.rvm/gems/ruby-2.6.3/gems/factory_bot-6.1.0/lib/factory_bot/factory_runner.rb:14:in `run'[0m
     [36m# /home/ec2-user/.rvm/gems/ruby-2.6.3/gems/factory_bot-6.1.0/lib/factory_bot/strategy_syntax_method_registrar.rb:28:in `block in define_singular_strategy_method'[0m
     [36m# ./spec/models/user_spec.rb:10:in `block (3 levels) in <main>'[0m
     [36m# ./spec/models/user_spec.rb:29:in `block (4 levels) in <main>'[0m
     [36m# ./spec/models/user_spec.rb:31:in `block (4 levels) in <main>'[0m

  9) Userモデルのテスト アソシエーションのテスト Bookモデルとの関係 1:Nとなっている
     [31mFailure/Error: expect(User.reflect_on_association(:books).macro).to eq :has_many[0m
     [31m[0m
     [31mNameError:[0m
     [31m  uninitialized constant User[0m
     [36m# ./spec/models/user_spec.rb:39:in `block (4 levels) in <main>'[0m

  10) 投稿のテスト サイドバーのテスト 表示の確認 New bookと表示される
      [31mFailure/Error: let!(:user2) { create(:user) }[0m
      [31m[0m
      [31mNameError:[0m
      [31m  uninitialized constant User[0m
      [36m# /home/ec2-user/.rvm/gems/ruby-2.6.3/gems/factory_bot-6.1.0/lib/factory_bot/factory.rb:26:in `build_class'[0m
      [36m# /home/ec2-user/.rvm/gems/ruby-2.6.3/gems/factory_bot-6.1.0/lib/factory_bot/factory.rb:87:in `compile'[0m
      [36m# /home/ec2-user/.rvm/gems/ruby-2.6.3/gems/factory_bot-6.1.0/lib/factory_bot/factory_runner.rb:14:in `run'[0m
      [36m# /home/ec2-user/.rvm/gems/ruby-2.6.3/gems/factory_bot-6.1.0/lib/factory_bot/strategy_syntax_method_registrar.rb:28:in `block in define_singular_strategy_method'[0m
      [36m# ./spec/system/books_spec.rb:5:in `block (2 levels) in <main>'[0m

  11) 投稿のテスト サイドバーのテスト 表示の確認 titleフォームが表示される
      [31mFailure/Error: let!(:user2) { create(:user) }[0m
      [31m[0m
      [31mNameError:[0m
      [31m  uninitialized constant User[0m
      [36m# /home/ec2-user/.rvm/gems/ruby-2.6.3/gems/factory_bot-6.1.0/lib/factory_bot/factory.rb:26:in `build_class'[0m
      [36m# /home/ec2-user/.rvm/gems/ruby-2.6.3/gems/factory_bot-6.1.0/lib/factory_bot/factory.rb:87:in `compile'[0m
      [36m# /home/ec2-user/.rvm/gems/ruby-2.6.3/gems/factory_bot-6.1.0/lib/factory_bot/factory_runner.rb:14:in `run'[0m
      [36m# /home/ec2-user/.rvm/gems/ruby-2.6.3/gems/factory_bot-6.1.0/lib/factory_bot/strategy_syntax_method_registrar.rb:28:in `block in define_singular_strategy_method'[0m
      [36m# ./spec/system/books_spec.rb:5:in `block (2 levels) in <main>'[0m

  12) 投稿のテスト サイドバーのテスト 表示の確認 opinionフォームが表示される
      [31mFailure/Error: let!(:user2) { create(:user) }[0m
      [31m[0m
      [31mNameError:[0m
      [31m  uninitialized constant User[0m
      [36m# /home/ec2-user/.rvm/gems/ruby-2.6.3/gems/factory_bot-6.1.0/lib/factory_bot/factory.rb:26:in `build_class'[0m
      [36m# /home/ec2-user/.rvm/gems/ruby-2.6.3/gems/factory_bot-6.1.0/lib/factory_bot/factory.rb:87:in `compile'[0m
      [36m# /home/ec2-user/.rvm/gems/ruby-2.6.3/gems/factory_bot-6.1.0/lib/factory_bot/factory_runner.rb:14:in `run'[0m
      [36m# /home/ec2-user/.rvm/gems/ruby-2.6.3/gems/factory_bot-6.1.0/lib/factory_bot/strategy_syntax_method_registrar.rb:28:in `block in define_singular_strategy_method'[0m
      [36m# ./spec/system/books_spec.rb:5:in `block (2 levels) in <main>'[0m

  13) 投稿のテスト サイドバーのテスト 表示の確認 Create Bookボタンが表示される
      [31mFailure/Error: let!(:user2) { create(:user) }[0m
      [31m[0m
      [31mNameError:[0m
      [31m  uninitialized constant User[0m
      [36m# /home/ec2-user/.rvm/gems/ruby-2.6.3/gems/factory_bot-6.1.0/lib/factory_bot/factory.rb:26:in `build_class'[0m
      [36m# /home/ec2-user/.rvm/gems/ruby-2.6.3/gems/factory_bot-6.1.0/lib/factory_bot/factory.rb:87:in `compile'[0m
      [36m# /home/ec2-user/.rvm/gems/ruby-2.6.3/gems/factory_bot-6.1.0/lib/factory_bot/factory_runner.rb:14:in `run'[0m
      [36m# /home/ec2-user/.rvm/gems/ruby-2.6.3/gems/factory_bot-6.1.0/lib/factory_bot/strategy_syntax_method_registrar.rb:28:in `block in define_singular_strategy_method'[0m
      [36m# ./spec/system/books_spec.rb:5:in `block (2 levels) in <main>'[0m

  14) 投稿のテスト サイドバーのテスト 表示の確認 投稿に成功する
      [31mFailure/Error: let!(:user2) { create(:user) }[0m
      [31m[0m
      [31mNameError:[0m
      [31m  uninitialized constant User[0m
      [36m# /home/ec2-user/.rvm/gems/ruby-2.6.3/gems/factory_bot-6.1.0/lib/factory_bot/factory.rb:26:in `build_class'[0m
      [36m# /home/ec2-user/.rvm/gems/ruby-2.6.3/gems/factory_bot-6.1.0/lib/factory_bot/factory.rb:87:in `compile'[0m
      [36m# /home/ec2-user/.rvm/gems/ruby-2.6.3/gems/factory_bot-6.1.0/lib/factory_bot/factory_runner.rb:14:in `run'[0m
      [36m# /home/ec2-user/.rvm/gems/ruby-2.6.3/gems/factory_bot-6.1.0/lib/factory_bot/strategy_syntax_method_registrar.rb:28:in `block in define_singular_strategy_method'[0m
      [36m# ./spec/system/books_spec.rb:5:in `block (2 levels) in <main>'[0m

  15) 投稿のテスト サイドバーのテスト 表示の確認 投稿に失敗する
      [31mFailure/Error: let!(:user2) { create(:user) }[0m
      [31m[0m
      [31mNameError:[0m
      [31m  uninitialized constant User[0m
      [36m# /home/ec2-user/.rvm/gems/ruby-2.6.3/gems/factory_bot-6.1.0/lib/factory_bot/factory.rb:26:in `build_class'[0m
      [36m# /home/ec2-user/.rvm/gems/ruby-2.6.3/gems/factory_bot-6.1.0/lib/factory_bot/factory.rb:87:in `compile'[0m
      [36m# /home/ec2-user/.rvm/gems/ruby-2.6.3/gems/factory_bot-6.1.0/lib/factory_bot/factory_runner.rb:14:in `run'[0m
      [36m# /home/ec2-user/.rvm/gems/ruby-2.6.3/gems/factory_bot-6.1.0/lib/factory_bot/strategy_syntax_method_registrar.rb:28:in `block in define_singular_strategy_method'[0m
      [36m# ./spec/system/books_spec.rb:5:in `block (2 levels) in <main>'[0m

  16) 投稿のテスト 編集のテスト 自分の投稿の編集画面への遷移 遷移できる
      [31mFailure/Error: let!(:user2) { create(:user) }[0m
      [31m[0m
      [31mNameError:[0m
      [31m  uninitialized constant User[0m
      [36m# /home/ec2-user/.rvm/gems/ruby-2.6.3/gems/factory_bot-6.1.0/lib/factory_bot/factory.rb:26:in `build_class'[0m
      [36m# /home/ec2-user/.rvm/gems/ruby-2.6.3/gems/factory_bot-6.1.0/lib/factory_bot/factory.rb:87:in `compile'[0m
      [36m# /home/ec2-user/.rvm/gems/ruby-2.6.3/gems/factory_bot-6.1.0/lib/factory_bot/factory_runner.rb:14:in `run'[0m
      [36m# /home/ec2-user/.rvm/gems/ruby-2.6.3/gems/factory_bot-6.1.0/lib/factory_bot/strategy_syntax_method_registrar.rb:28:in `block in define_singular_strategy_method'[0m
      [36m# ./spec/system/books_spec.rb:5:in `block (2 levels) in <main>'[0m

  17) 投稿のテスト 編集のテスト 他人の投稿の編集画面への遷移 遷移できない
      [31mFailure/Error: let!(:user2) { create(:user) }[0m
      [31m[0m
      [31mNameError:[0m
      [31m  uninitialized constant User[0m
      [36m# /home/ec2-user/.rvm/gems/ruby-2.6.3/gems/factory_bot-6.1.0/lib/factory_bot/factory.rb:26:in `build_class'[0m
      [36m# /home/ec2-user/.rvm/gems/ruby-2.6.3/gems/factory_bot-6.1.0/lib/factory_bot/factory.rb:87:in `compile'[0m
      [36m# /home/ec2-user/.rvm/gems/ruby-2.6.3/gems/factory_bot-6.1.0/lib/factory_bot/factory_runner.rb:14:in `run'[0m
      [36m# /home/ec2-user/.rvm/gems/ruby-2.6.3/gems/factory_bot-6.1.0/lib/factory_bot/strategy_syntax_method_registrar.rb:28:in `block in define_singular_strategy_method'[0m
      [36m# ./spec/system/books_spec.rb:5:in `block (2 levels) in <main>'[0m

  18) 投稿のテスト 編集のテスト 表示の確認 Editing Bookと表示される
      [31mFailure/Error: let!(:user2) { create(:user) }[0m
      [31m[0m
      [31mNameError:[0m
      [31m  uninitialized constant User[0m
      [36m# /home/ec2-user/.rvm/gems/ruby-2.6.3/gems/factory_bot-6.1.0/lib/factory_bot/factory.rb:26:in `build_class'[0m
      [36m# /home/ec2-user/.rvm/gems/ruby-2.6.3/gems/factory_bot-6.1.0/lib/factory_bot/factory.rb:87:in `compile'[0m
      [36m# /home/ec2-user/.rvm/gems/ruby-2.6.3/gems/factory_bot-6.1.0/lib/factory_bot/factory_runner.rb:14:in `run'[0m
      [36m# /home/ec2-user/.rvm/gems/ruby-2.6.3/gems/factory_bot-6.1.0/lib/factory_bot/strategy_syntax_method_registrar.rb:28:in `block in define_singular_strategy_method'[0m
      [36m# ./spec/system/books_spec.rb:5:in `block (2 levels) in <main>'[0m

  19) 投稿のテスト 編集のテスト 表示の確認 title編集フォームが表示される
      [31mFailure/Error: let!(:user2) { create(:user) }[0m
      [31m[0m
      [31mNameError:[0m
      [31m  uninitialized constant User[0m
      [36m# /home/ec2-user/.rvm/gems/ruby-2.6.3/gems/factory_bot-6.1.0/lib/factory_bot/factory.rb:26:in `build_class'[0m
      [36m# /home/ec2-user/.rvm/gems/ruby-2.6.3/gems/factory_bot-6.1.0/lib/factory_bot/factory.rb:87:in `compile'[0m
      [36m# /home/ec2-user/.rvm/gems/ruby-2.6.3/gems/factory_bot-6.1.0/lib/factory_bot/factory_runner.rb:14:in `run'[0m
      [36m# /home/ec2-user/.rvm/gems/ruby-2.6.3/gems/factory_bot-6.1.0/lib/factory_bot/strategy_syntax_method_registrar.rb:28:in `block in define_singular_strategy_method'[0m
      [36m# ./spec/system/books_spec.rb:5:in `block (2 levels) in <main>'[0m

  20) 投稿のテスト 編集のテスト 表示の確認 opinion編集フォームが表示される
      [31mFailure/Error: let!(:user2) { create(:user) }[0m
      [31m[0m
      [31mNameError:[0m
      [31m  uninitialized constant User[0m
      [36m# /home/ec2-user/.rvm/gems/ruby-2.6.3/gems/factory_bot-6.1.0/lib/factory_bot/factory.rb:26:in `build_class'[0m
      [36m# /home/ec2-user/.rvm/gems/ruby-2.6.3/gems/factory_bot-6.1.0/lib/factory_bot/factory.rb:87:in `compile'[0m
      [36m# /home/ec2-user/.rvm/gems/ruby-2.6.3/gems/factory_bot-6.1.0/lib/factory_bot/factory_runner.rb:14:in `run'[0m
      [36m# /home/ec2-user/.rvm/gems/ruby-2.6.3/gems/factory_bot-6.1.0/lib/factory_bot/strategy_syntax_method_registrar.rb:28:in `block in define_singular_strategy_method'[0m
      [36m# ./spec/system/books_spec.rb:5:in `block (2 levels) in <main>'[0m

  21) 投稿のテスト 編集のテスト 表示の確認 Showリンクが表示される
      [31mFailure/Error: let!(:user2) { create(:user) }[0m
      [31m[0m
      [31mNameError:[0m
      [31m  uninitialized constant User[0m
      [36m# /home/ec2-user/.rvm/gems/ruby-2.6.3/gems/factory_bot-6.1.0/lib/factory_bot/factory.rb:26:in `build_class'[0m
      [36m# /home/ec2-user/.rvm/gems/ruby-2.6.3/gems/factory_bot-6.1.0/lib/factory_bot/factory.rb:87:in `compile'[0m
      [36m# /home/ec2-user/.rvm/gems/ruby-2.6.3/gems/factory_bot-6.1.0/lib/factory_bot/factory_runner.rb:14:in `run'[0m
      [36m# /home/ec2-user/.rvm/gems/ruby-2.6.3/gems/factory_bot-6.1.0/lib/factory_bot/strategy_syntax_method_registrar.rb:28:in `block in define_singular_strategy_method'[0m
      [36m# ./spec/system/books_spec.rb:5:in `block (2 levels) in <main>'[0m

  22) 投稿のテスト 編集のテスト 表示の確認 Backリンクが表示される
      [31mFailure/Error: let!(:user2) { create(:user) }[0m
      [31m[0m
      [31mNameError:[0m
      [31m  uninitialized constant User[0m
      [36m# /home/ec2-user/.rvm/gems/ruby-2.6.3/gems/factory_bot-6.1.0/lib/factory_bot/factory.rb:26:in `build_class'[0m
      [36m# /home/ec2-user/.rvm/gems/ruby-2.6.3/gems/factory_bot-6.1.0/lib/factory_bot/factory.rb:87:in `compile'[0m
      [36m# /home/ec2-user/.rvm/gems/ruby-2.6.3/gems/factory_bot-6.1.0/lib/factory_bot/factory_runner.rb:14:in `run'[0m
      [36m# /home/ec2-user/.rvm/gems/ruby-2.6.3/gems/factory_bot-6.1.0/lib/factory_bot/strategy_syntax_method_registrar.rb:28:in `block in define_singular_strategy_method'[0m
      [36m# ./spec/system/books_spec.rb:5:in `block (2 levels) in <main>'[0m

  23) 投稿のテスト 編集のテスト フォームの確認 編集に成功する
      [31mFailure/Error: let!(:user2) { create(:user) }[0m
      [31m[0m
      [31mNameError:[0m
      [31m  uninitialized constant User[0m
      [36m# /home/ec2-user/.rvm/gems/ruby-2.6.3/gems/factory_bot-6.1.0/lib/factory_bot/factory.rb:26:in `build_class'[0m
      [36m# /home/ec2-user/.rvm/gems/ruby-2.6.3/gems/factory_bot-6.1.0/lib/factory_bot/factory.rb:87:in `compile'[0m
      [36m# /home/ec2-user/.rvm/gems/ruby-2.6.3/gems/factory_bot-6.1.0/lib/factory_bot/factory_runner.rb:14:in `run'[0m
      [36m# /home/ec2-user/.rvm/gems/ruby-2.6.3/gems/factory_bot-6.1.0/lib/factory_bot/strategy_syntax_method_registrar.rb:28:in `block in define_singular_strategy_method'[0m
      [36m# ./spec/system/books_spec.rb:5:in `block (2 levels) in <main>'[0m

  24) 投稿のテスト 編集のテスト フォームの確認 編集に失敗する
      [31mFailure/Error: let!(:user2) { create(:user) }[0m
      [31m[0m
      [31mNameError:[0m
      [31m  uninitialized constant User[0m
      [36m# /home/ec2-user/.rvm/gems/ruby-2.6.3/gems/factory_bot-6.1.0/lib/factory_bot/factory.rb:26:in `build_class'[0m
      [36m# /home/ec2-user/.rvm/gems/ruby-2.6.3/gems/factory_bot-6.1.0/lib/factory_bot/factory.rb:87:in `compile'[0m
      [36m# /home/ec2-user/.rvm/gems/ruby-2.6.3/gems/factory_bot-6.1.0/lib/factory_bot/factory_runner.rb:14:in `run'[0m
      [36m# /home/ec2-user/.rvm/gems/ruby-2.6.3/gems/factory_bot-6.1.0/lib/factory_bot/strategy_syntax_method_registrar.rb:28:in `block in define_singular_strategy_method'[0m
      [36m# ./spec/system/books_spec.rb:5:in `block (2 levels) in <main>'[0m

  25) 投稿のテスト 一覧画面のテスト 表示の確認 Booksと表示される
      [31mFailure/Error: let!(:user2) { create(:user) }[0m
      [31m[0m
      [31mNameError:[0m
      [31m  uninitialized constant User[0m
      [36m# /home/ec2-user/.rvm/gems/ruby-2.6.3/gems/factory_bot-6.1.0/lib/factory_bot/factory.rb:26:in `build_class'[0m
      [36m# /home/ec2-user/.rvm/gems/ruby-2.6.3/gems/factory_bot-6.1.0/lib/factory_bot/factory.rb:87:in `compile'[0m
      [36m# /home/ec2-user/.rvm/gems/ruby-2.6.3/gems/factory_bot-6.1.0/lib/factory_bot/factory_runner.rb:14:in `run'[0m
      [36m# /home/ec2-user/.rvm/gems/ruby-2.6.3/gems/factory_bot-6.1.0/lib/factory_bot/strategy_syntax_method_registrar.rb:28:in `block in define_singular_strategy_method'[0m
      [36m# ./spec/system/books_spec.rb:5:in `block (2 levels) in <main>'[0m

  26) 投稿のテスト 一覧画面のテスト 表示の確認 自分と他人の画像のリンク先が正しい
      [31mFailure/Error: let!(:user2) { create(:user) }[0m
      [31m[0m
      [31mNameError:[0m
      [31m  uninitialized constant User[0m
      [36m# /home/ec2-user/.rvm/gems/ruby-2.6.3/gems/factory_bot-6.1.0/lib/factory_bot/factory.rb:26:in `build_class'[0m
      [36m# /home/ec2-user/.rvm/gems/ruby-2.6.3/gems/factory_bot-6.1.0/lib/factory_bot/factory.rb:87:in `compile'[0m
      [36m# /home/ec2-user/.rvm/gems/ruby-2.6.3/gems/factory_bot-6.1.0/lib/factory_bot/factory_runner.rb:14:in `run'[0m
      [36m# /home/ec2-user/.rvm/gems/ruby-2.6.3/gems/factory_bot-6.1.0/lib/factory_bot/strategy_syntax_method_registrar.rb:28:in `block in define_singular_strategy_method'[0m
      [36m# ./spec/system/books_spec.rb:5:in `block (2 levels) in <main>'[0m

  27) 投稿のテスト 一覧画面のテスト 表示の確認 自分と他人のタイトルのリンク先が正しい
      [31mFailure/Error: let!(:user2) { create(:user) }[0m
      [31m[0m
      [31mNameError:[0m
      [31m  uninitialized constant User[0m
      [36m# /home/ec2-user/.rvm/gems/ruby-2.6.3/gems/factory_bot-6.1.0/lib/factory_bot/factory.rb:26:in `build_class'[0m
      [36m# /home/ec2-user/.rvm/gems/ruby-2.6.3/gems/factory_bot-6.1.0/lib/factory_bot/factory.rb:87:in `compile'[0m
      [36m# /home/ec2-user/.rvm/gems/ruby-2.6.3/gems/factory_bot-6.1.0/lib/factory_bot/factory_runner.rb:14:in `run'[0m
      [36m# /home/ec2-user/.rvm/gems/ruby-2.6.3/gems/factory_bot-6.1.0/lib/factory_bot/strategy_syntax_method_registrar.rb:28:in `block in define_singular_strategy_method'[0m
      [36m# ./spec/system/books_spec.rb:5:in `block (2 levels) in <main>'[0m

  28) 投稿のテスト 一覧画面のテスト 表示の確認 自分と他人のオピニオンが表示される
      [31mFailure/Error: let!(:user2) { create(:user) }[0m
      [31m[0m
      [31mNameError:[0m
      [31m  uninitialized constant User[0m
      [36m# /home/ec2-user/.rvm/gems/ruby-2.6.3/gems/factory_bot-6.1.0/lib/factory_bot/factory.rb:26:in `build_class'[0m
      [36m# /home/ec2-user/.rvm/gems/ruby-2.6.3/gems/factory_bot-6.1.0/lib/factory_bot/factory.rb:87:in `compile'[0m
      [36m# /home/ec2-user/.rvm/gems/ruby-2.6.3/gems/factory_bot-6.1.0/lib/factory_bot/factory_runner.rb:14:in `run'[0m
      [36m# /home/ec2-user/.rvm/gems/ruby-2.6.3/gems/factory_bot-6.1.0/lib/factory_bot/strategy_syntax_method_registrar.rb:28:in `block in define_singular_strategy_method'[0m
      [36m# ./spec/system/books_spec.rb:5:in `block (2 levels) in <main>'[0m

  29) 投稿のテスト 詳細画面のテスト 自分・他人共通の投稿詳細画面の表示を確認 Book detailと表示される
      [31mFailure/Error: let!(:user2) { create(:user) }[0m
      [31m[0m
      [31mNameError:[0m
      [31m  uninitialized constant User[0m
      [36m# /home/ec2-user/.rvm/gems/ruby-2.6.3/gems/factory_bot-6.1.0/lib/factory_bot/factory.rb:26:in `build_class'[0m
      [36m# /home/ec2-user/.rvm/gems/ruby-2.6.3/gems/factory_bot-6.1.0/lib/factory_bot/factory.rb:87:in `compile'[0m
      [36m# /home/ec2-user/.rvm/gems/ruby-2.6.3/gems/factory_bot-6.1.0/lib/factory_bot/factory_runner.rb:14:in `run'[0m
      [36m# /home/ec2-user/.rvm/gems/ruby-2.6.3/gems/factory_bot-6.1.0/lib/factory_bot/strategy_syntax_method_registrar.rb:28:in `block in define_singular_strategy_method'[0m
      [36m# ./spec/system/books_spec.rb:5:in `block (2 levels) in <main>'[0m

  30) 投稿のテスト 詳細画面のテスト 自分・他人共通の投稿詳細画面の表示を確認 ユーザー画像・名前のリンク先が正しい
      [31mFailure/Error: let!(:user2) { create(:user) }[0m
      [31m[0m
      [31mNameError:[0m
      [31m  uninitialized constant User[0m
      [36m# /home/ec2-user/.rvm/gems/ruby-2.6.3/gems/factory_bot-6.1.0/lib/factory_bot/factory.rb:26:in `build_class'[0m
      [36m# /home/ec2-user/.rvm/gems/ruby-2.6.3/gems/factory_bot-6.1.0/lib/factory_bot/factory.rb:87:in `compile'[0m
      [36m# /home/ec2-user/.rvm/gems/ruby-2.6.3/gems/factory_bot-6.1.0/lib/factory_bot/factory_runner.rb:14:in `run'[0m
      [36m# /home/ec2-user/.rvm/gems/ruby-2.6.3/gems/factory_bot-6.1.0/lib/factory_bot/strategy_syntax_method_registrar.rb:28:in `block in define_singular_strategy_method'[0m
      [36m# ./spec/system/books_spec.rb:5:in `block (2 levels) in <main>'[0m

  31) 投稿のテスト 詳細画面のテスト 自分・他人共通の投稿詳細画面の表示を確認 投稿のtitleが表示される
      [31mFailure/Error: let!(:user2) { create(:user) }[0m
      [31m[0m
      [31mNameError:[0m
      [31m  uninitialized constant User[0m
      [36m# /home/ec2-user/.rvm/gems/ruby-2.6.3/gems/factory_bot-6.1.0/lib/factory_bot/factory.rb:26:in `build_class'[0m
      [36m# /home/ec2-user/.rvm/gems/ruby-2.6.3/gems/factory_bot-6.1.0/lib/factory_bot/factory.rb:87:in `compile'[0m
      [36m# /home/ec2-user/.rvm/gems/ruby-2.6.3/gems/factory_bot-6.1.0/lib/factory_bot/factory_runner.rb:14:in `run'[0m
      [36m# /home/ec2-user/.rvm/gems/ruby-2.6.3/gems/factory_bot-6.1.0/lib/factory_bot/strategy_syntax_method_registrar.rb:28:in `block in define_singular_strategy_method'[0m
      [36m# ./spec/system/books_spec.rb:5:in `block (2 levels) in <main>'[0m

  32) 投稿のテスト 詳細画面のテスト 自分・他人共通の投稿詳細画面の表示を確認 投稿のopinionが表示される
      [31mFailure/Error: let!(:user2) { create(:user) }[0m
      [31m[0m
      [31mNameError:[0m
      [31m  uninitialized constant User[0m
      [36m# /home/ec2-user/.rvm/gems/ruby-2.6.3/gems/factory_bot-6.1.0/lib/factory_bot/factory.rb:26:in `build_class'[0m
      [36m# /home/ec2-user/.rvm/gems/ruby-2.6.3/gems/factory_bot-6.1.0/lib/factory_bot/factory.rb:87:in `compile'[0m
      [36m# /home/ec2-user/.rvm/gems/ruby-2.6.3/gems/factory_bot-6.1.0/lib/factory_bot/factory_runner.rb:14:in `run'[0m
      [36m# /home/ec2-user/.rvm/gems/ruby-2.6.3/gems/factory_bot-6.1.0/lib/factory_bot/strategy_syntax_method_registrar.rb:28:in `block in define_singular_strategy_method'[0m
      [36m# ./spec/system/books_spec.rb:5:in `block (2 levels) in <main>'[0m

  33) 投稿のテスト 詳細画面のテスト 自分の投稿詳細画面の表示を確認 投稿の編集リンクが表示される
      [31mFailure/Error: let!(:user2) { create(:user) }[0m
      [31m[0m
      [31mNameError:[0m
      [31m  uninitialized constant User[0m
      [36m# /home/ec2-user/.rvm/gems/ruby-2.6.3/gems/factory_bot-6.1.0/lib/factory_bot/factory.rb:26:in `build_class'[0m
      [36m# /home/ec2-user/.rvm/gems/ruby-2.6.3/gems/factory_bot-6.1.0/lib/factory_bot/factory.rb:87:in `compile'[0m
      [36m# /home/ec2-user/.rvm/gems/ruby-2.6.3/gems/factory_bot-6.1.0/lib/factory_bot/factory_runner.rb:14:in `run'[0m
      [36m# /home/ec2-user/.rvm/gems/ruby-2.6.3/gems/factory_bot-6.1.0/lib/factory_bot/strategy_syntax_method_registrar.rb:28:in `block in define_singular_strategy_method'[0m
      [36m# ./spec/system/books_spec.rb:5:in `block (2 levels) in <main>'[0m

  34) 投稿のテスト 詳細画面のテスト 自分の投稿詳細画面の表示を確認 投稿の削除リンクが表示される
      [31mFailure/Error: let!(:user2) { create(:user) }[0m
      [31m[0m
      [31mNameError:[0m
      [31m  uninitialized constant User[0m
      [36m# /home/ec2-user/.rvm/gems/ruby-2.6.3/gems/factory_bot-6.1.0/lib/factory_bot/factory.rb:26:in `build_class'[0m
      [36m# /home/ec2-user/.rvm/gems/ruby-2.6.3/gems/factory_bot-6.1.0/lib/factory_bot/factory.rb:87:in `compile'[0m
      [36m# /home/ec2-user/.rvm/gems/ruby-2.6.3/gems/factory_bot-6.1.0/lib/factory_bot/factory_runner.rb:14:in `run'[0m
      [36m# /home/ec2-user/.rvm/gems/ruby-2.6.3/gems/factory_bot-6.1.0/lib/factory_bot/strategy_syntax_method_registrar.rb:28:in `block in define_singular_strategy_method'[0m
      [36m# ./spec/system/books_spec.rb:5:in `block (2 levels) in <main>'[0m

  35) 投稿のテスト 詳細画面のテスト 他人の投稿詳細画面の表示を確認 投稿の編集リンクが表示されない
      [31mFailure/Error: let!(:user2) { create(:user) }[0m
      [31m[0m
      [31mNameError:[0m
      [31m  uninitialized constant User[0m
      [36m# /home/ec2-user/.rvm/gems/ruby-2.6.3/gems/factory_bot-6.1.0/lib/factory_bot/factory.rb:26:in `build_class'[0m
      [36m# /home/ec2-user/.rvm/gems/ruby-2.6.3/gems/factory_bot-6.1.0/lib/factory_bot/factory.rb:87:in `compile'[0m
      [36m# /home/ec2-user/.rvm/gems/ruby-2.6.3/gems/factory_bot-6.1.0/lib/factory_bot/factory_runner.rb:14:in `run'[0m
      [36m# /home/ec2-user/.rvm/gems/ruby-2.6.3/gems/factory_bot-6.1.0/lib/factory_bot/strategy_syntax_method_registrar.rb:28:in `block in define_singular_strategy_method'[0m
      [36m# ./spec/system/books_spec.rb:5:in `block (2 levels) in <main>'[0m

  36) 投稿のテスト 詳細画面のテスト 他人の投稿詳細画面の表示を確認 投稿の削除リンクが表示されない
      [31mFailure/Error: let!(:user2) { create(:user) }[0m
      [31m[0m
      [31mNameError:[0m
      [31m  uninitialized constant User[0m
      [36m# /home/ec2-user/.rvm/gems/ruby-2.6.3/gems/factory_bot-6.1.0/lib/factory_bot/factory.rb:26:in `build_class'[0m
      [36m# /home/ec2-user/.rvm/gems/ruby-2.6.3/gems/factory_bot-6.1.0/lib/factory_bot/factory.rb:87:in `compile'[0m
      [36m# /home/ec2-user/.rvm/gems/ruby-2.6.3/gems/factory_bot-6.1.0/lib/factory_bot/factory_runner.rb:14:in `run'[0m
      [36m# /home/ec2-user/.rvm/gems/ruby-2.6.3/gems/factory_bot-6.1.0/lib/factory_bot/strategy_syntax_method_registrar.rb:28:in `block in define_singular_strategy_method'[0m
      [36m# ./spec/system/books_spec.rb:5:in `block (2 levels) in <main>'[0m

  37) bootstrapのテスト グリッドシステムのテスト ユーザー関連画面 一覧画面
      [31mFailure/Error: let(:user) { create(:user) }[0m
      [31m[0m
      [31mNameError:[0m
      [31m  uninitialized constant User[0m
      [36m# /home/ec2-user/.rvm/gems/ruby-2.6.3/gems/factory_bot-6.1.0/lib/factory_bot/factory.rb:26:in `build_class'[0m
      [36m# /home/ec2-user/.rvm/gems/ruby-2.6.3/gems/factory_bot-6.1.0/lib/factory_bot/factory.rb:87:in `compile'[0m
      [36m# /home/ec2-user/.rvm/gems/ruby-2.6.3/gems/factory_bot-6.1.0/lib/factory_bot/factory_runner.rb:14:in `run'[0m
      [36m# /home/ec2-user/.rvm/gems/ruby-2.6.3/gems/factory_bot-6.1.0/lib/factory_bot/strategy_syntax_method_registrar.rb:28:in `block in define_singular_strategy_method'[0m
      [36m# ./spec/system/bootstrap_spec.rb:4:in `block (2 levels) in <main>'[0m
      [36m# ./spec/system/bootstrap_spec.rb:5:in `block (2 levels) in <main>'[0m

  38) bootstrapのテスト グリッドシステムのテスト ユーザー関連画面 詳細画面
      [31mFailure/Error: let(:user) { create(:user) }[0m
      [31m[0m
      [31mNameError:[0m
      [31m  uninitialized constant User[0m
      [36m# /home/ec2-user/.rvm/gems/ruby-2.6.3/gems/factory_bot-6.1.0/lib/factory_bot/factory.rb:26:in `build_class'[0m
      [36m# /home/ec2-user/.rvm/gems/ruby-2.6.3/gems/factory_bot-6.1.0/lib/factory_bot/factory.rb:87:in `compile'[0m
      [36m# /home/ec2-user/.rvm/gems/ruby-2.6.3/gems/factory_bot-6.1.0/lib/factory_bot/factory_runner.rb:14:in `run'[0m
      [36m# /home/ec2-user/.rvm/gems/ruby-2.6.3/gems/factory_bot-6.1.0/lib/factory_bot/strategy_syntax_method_registrar.rb:28:in `block in define_singular_strategy_method'[0m
      [36m# ./spec/system/bootstrap_spec.rb:4:in `block (2 levels) in <main>'[0m
      [36m# ./spec/system/bootstrap_spec.rb:5:in `block (2 levels) in <main>'[0m

  39) bootstrapのテスト グリッドシステムのテスト 投稿関連画面 一覧画面
      [31mFailure/Error: let(:user) { create(:user) }[0m
      [31m[0m
      [31mNameError:[0m
      [31m  uninitialized constant User[0m
      [36m# /home/ec2-user/.rvm/gems/ruby-2.6.3/gems/factory_bot-6.1.0/lib/factory_bot/factory.rb:26:in `build_class'[0m
      [36m# /home/ec2-user/.rvm/gems/ruby-2.6.3/gems/factory_bot-6.1.0/lib/factory_bot/factory.rb:87:in `compile'[0m
      [36m# /home/ec2-user/.rvm/gems/ruby-2.6.3/gems/factory_bot-6.1.0/lib/factory_bot/factory_runner.rb:14:in `run'[0m
      [36m# /home/ec2-user/.rvm/gems/ruby-2.6.3/gems/factory_bot-6.1.0/lib/factory_bot/strategy_syntax_method_registrar.rb:28:in `block in define_singular_strategy_method'[0m
      [36m# ./spec/system/bootstrap_spec.rb:4:in `block (2 levels) in <main>'[0m
      [36m# ./spec/system/bootstrap_spec.rb:5:in `block (2 levels) in <main>'[0m

  40) bootstrapのテスト グリッドシステムのテスト 投稿関連画面 詳細画面
      [31mFailure/Error: let(:user) { create(:user) }[0m
      [31m[0m
      [31mNameError:[0m
      [31m  uninitialized constant User[0m
      [36m# /home/ec2-user/.rvm/gems/ruby-2.6.3/gems/factory_bot-6.1.0/lib/factory_bot/factory.rb:26:in `build_class'[0m
      [36m# /home/ec2-user/.rvm/gems/ruby-2.6.3/gems/factory_bot-6.1.0/lib/factory_bot/factory.rb:87:in `compile'[0m
      [36m# /home/ec2-user/.rvm/gems/ruby-2.6.3/gems/factory_bot-6.1.0/lib/factory_bot/factory_runner.rb:14:in `run'[0m
      [36m# /home/ec2-user/.rvm/gems/ruby-2.6.3/gems/factory_bot-6.1.0/lib/factory_bot/strategy_syntax_method_registrar.rb:28:in `block in define_singular_strategy_method'[0m
      [36m# ./spec/system/bootstrap_spec.rb:4:in `block (2 levels) in <main>'[0m
      [36m# ./spec/system/bootstrap_spec.rb:5:in `block (2 levels) in <main>'[0m

  41) ヘッダーのテスト ログインしていない場合 ヘッダーの表示を確認 タイトルが表示される
      [31mFailure/Error: visit root_path[0m
      [31m[0m
      [31mNameError:[0m
      [31m  undefined local variable or method `root_path' for #<RSpec::ExampleGroups::Nested_2::Nested::Nested:0x00000000056ca660>[0m
      [36m# ./spec/system/header_spec.rb:6:in `block (3 levels) in <main>'[0m

  42) ヘッダーのテスト ログインしていない場合 ヘッダーの表示を確認 Homeリンクが表示される
      [31mFailure/Error: visit root_path[0m
      [31m[0m
      [31mNameError:[0m
      [31m  undefined local variable or method `root_path' for #<RSpec::ExampleGroups::Nested_2::Nested::Nested:0x0000000005729ae8>[0m
      [36m# ./spec/system/header_spec.rb:6:in `block (3 levels) in <main>'[0m

  43) ヘッダーのテスト ログインしていない場合 ヘッダーの表示を確認 Aboutリンクが表示される
      [31mFailure/Error: visit root_path[0m
      [31m[0m
      [31mNameError:[0m
      [31m  undefined local variable or method `root_path' for #<RSpec::ExampleGroups::Nested_2::Nested::Nested:0x00000000057d0960>[0m
      [36m# ./spec/system/header_spec.rb:6:in `block (3 levels) in <main>'[0m

  44) ヘッダーのテスト ログインしていない場合 ヘッダーの表示を確認 Sign upリンクが表示される
      [31mFailure/Error: visit root_path[0m
      [31m[0m
      [31mNameError:[0m
      [31m  undefined local variable or method `root_path' for #<RSpec::ExampleGroups::Nested_2::Nested::Nested:0x0000000005924bb8>[0m
      [36m# ./spec/system/header_spec.rb:6:in `block (3 levels) in <main>'[0m

  45) ヘッダーのテスト ログインしていない場合 ヘッダーの表示を確認 loginリンクが表示される
      [31mFailure/Error: visit root_path[0m
      [31m[0m
      [31mNameError:[0m
      [31m  undefined local variable or method `root_path' for #<RSpec::ExampleGroups::Nested_2::Nested::Nested:0x00000000059ba078>[0m
      [36m# ./spec/system/header_spec.rb:6:in `block (3 levels) in <main>'[0m

  46) ヘッダーのテスト ログインしていない場合 ヘッダーのリンクを確認 Home画面に遷移する
      [31mFailure/Error: visit root_path[0m
      [31m[0m
      [31mNameError:[0m
      [31m  undefined local variable or method `root_path' for #<RSpec::ExampleGroups::Nested_2::Nested::Nested_2:0x0000000005d54198>[0m
      [36m# ./spec/system/header_spec.rb:6:in `block (3 levels) in <main>'[0m

  47) ヘッダーのテスト ログインしていない場合 ヘッダーのリンクを確認 About画面に遷移する
      [31mFailure/Error: visit root_path[0m
      [31m[0m
      [31mNameError:[0m
      [31m  undefined local variable or method `root_path' for #<RSpec::ExampleGroups::Nested_2::Nested::Nested_2:0x000000000518fbc8>[0m
      [36m# ./spec/system/header_spec.rb:6:in `block (3 levels) in <main>'[0m

  48) ヘッダーのテスト ログインしていない場合 ヘッダーのリンクを確認 新規登録画面に遷移する
      [31mFailure/Error: visit root_path[0m
      [31m[0m
      [31mNameError:[0m
      [31m  undefined local variable or method `root_path' for #<RSpec::ExampleGroups::Nested_2::Nested::Nested_2:0x000000000409b790>[0m
      [36m# ./spec/system/header_spec.rb:6:in `block (3 levels) in <main>'[0m

  49) ヘッダーのテスト ログインしていない場合 ヘッダーのリンクを確認 ログイン画面に遷移する
      [31mFailure/Error: visit root_path[0m
      [31m[0m
      [31mNameError:[0m
      [31m  undefined local variable or method `root_path' for #<RSpec::ExampleGroups::Nested_2::Nested::Nested_2:0x0000000005d38808>[0m
      [36m# ./spec/system/header_spec.rb:6:in `block (3 levels) in <main>'[0m

  50) ヘッダーのテスト ログインしている場合 ヘッダーの表示を確認 タイトルが表示される
      [31mFailure/Error: visit new_user_session_path[0m
      [31m[0m
      [31mNameError:[0m
      [31m  undefined local variable or method `new_user_session_path' for #<RSpec::ExampleGroups::Nested_2::Nested_2::Nested:0x0000000004b08a20>[0m
      [36m# ./spec/system/header_spec.rb:67:in `block (3 levels) in <main>'[0m

  51) ヘッダーのテスト ログインしている場合 ヘッダーの表示を確認 Homeリンクが表示される
      [31mFailure/Error: visit new_user_session_path[0m
      [31m[0m
      [31mNameError:[0m
      [31m  undefined local variable or method `new_user_session_path' for #<RSpec::ExampleGroups::Nested_2::Nested_2::Nested:0x0000000005da3018>[0m
      [36m# ./spec/system/header_spec.rb:67:in `block (3 levels) in <main>'[0m

  52) ヘッダーのテスト ログインしている場合 ヘッダーの表示を確認 Usersリンクが表示される
      [31mFailure/Error: visit new_user_session_path[0m
      [31m[0m
      [31mNameError:[0m
      [31m  undefined local variable or method `new_user_session_path' for #<RSpec::ExampleGroups::Nested_2::Nested_2::Nested:0x0000000005dc2e68>[0m
      [36m# ./spec/system/header_spec.rb:67:in `block (3 levels) in <main>'[0m

  53) ヘッダーのテスト ログインしている場合 ヘッダーの表示を確認 Booksリンクが表示される
      [31mFailure/Error: visit new_user_session_path[0m
      [31m[0m
      [31mNameError:[0m
      [31m  undefined local variable or method `new_user_session_path' for #<RSpec::ExampleGroups::Nested_2::Nested_2::Nested:0x0000000005dde4d8>[0m
      [36m# ./spec/system/header_spec.rb:67:in `block (3 levels) in <main>'[0m

  54) ヘッダーのテスト ログインしている場合 ヘッダーの表示を確認 logoutリンクが表示される
      [31mFailure/Error: visit new_user_session_path[0m
      [31m[0m
      [31mNameError:[0m
      [31m  undefined local variable or method `new_user_session_path' for #<RSpec::ExampleGroups::Nested_2::Nested_2::Nested:0x0000000005e76008>[0m
      [36m# ./spec/system/header_spec.rb:67:in `block (3 levels) in <main>'[0m

  55) ヘッダーのテスト ログインしている場合 ヘッダーのリンクを確認 Home画面に遷移する
      [31mFailure/Error: visit new_user_session_path[0m
      [31m[0m
      [31mNameError:[0m
      [31m  undefined local variable or method `new_user_session_path' for #<RSpec::ExampleGroups::Nested_2::Nested_2::Nested_2:0x0000000005e1e858>[0m
      [36m# ./spec/system/header_spec.rb:67:in `block (3 levels) in <main>'[0m

  56) ヘッダーのテスト ログインしている場合 ヘッダーのリンクを確認 Users画面に遷移する
      [31mFailure/Error: visit new_user_session_path[0m
      [31m[0m
      [31mNameError:[0m
      [31m  undefined local variable or method `new_user_session_path' for #<RSpec::ExampleGroups::Nested_2::Nested_2::Nested_2:0x0000000005ea2ab8>[0m
      [36m# ./spec/system/header_spec.rb:67:in `block (3 levels) in <main>'[0m

  57) ヘッダーのテスト ログインしている場合 ヘッダーのリンクを確認 Books画面に遷移する
      [31mFailure/Error: visit new_user_session_path[0m
      [31m[0m
      [31mNameError:[0m
      [31m  undefined local variable or method `new_user_session_path' for #<RSpec::ExampleGroups::Nested_2::Nested_2::Nested_2:0x0000000005ebff00>[0m
      [36m# ./spec/system/header_spec.rb:67:in `block (3 levels) in <main>'[0m

  58) ヘッダーのテスト ログインしている場合 ヘッダーのリンクを確認 logoutする
      [31mFailure/Error: visit new_user_session_path[0m
      [31m[0m
      [31mNameError:[0m
      [31m  undefined local variable or method `new_user_session_path' for #<RSpec::ExampleGroups::Nested_2::Nested_2::Nested_2:0x0000000005ec43c0>[0m
      [36m# ./spec/system/header_spec.rb:67:in `block (3 levels) in <main>'[0m

  59) ユーザー権限のテスト ログインしていない場合 投稿関連のURLにアクセス 一覧画面に遷移できない
      [31mFailure/Error: let!(:user) { create(:user) }[0m
      [31m[0m
      [31mNameError:[0m
      [31m  uninitialized constant User[0m
      [36m# /home/ec2-user/.rvm/gems/ruby-2.6.3/gems/factory_bot-6.1.0/lib/factory_bot/factory.rb:26:in `build_class'[0m
      [36m# /home/ec2-user/.rvm/gems/ruby-2.6.3/gems/factory_bot-6.1.0/lib/factory_bot/factory.rb:87:in `compile'[0m
      [36m# /home/ec2-user/.rvm/gems/ruby-2.6.3/gems/factory_bot-6.1.0/lib/factory_bot/factory_runner.rb:14:in `run'[0m
      [36m# /home/ec2-user/.rvm/gems/ruby-2.6.3/gems/factory_bot-6.1.0/lib/factory_bot/strategy_syntax_method_registrar.rb:28:in `block in define_singular_strategy_method'[0m
      [36m# ./spec/system/main_spec.rb:4:in `block (2 levels) in <main>'[0m

  60) ユーザー権限のテスト ログインしていない場合 投稿関連のURLにアクセス 編集画面に遷移できない
      [31mFailure/Error: let!(:user) { create(:user) }[0m
      [31m[0m
      [31mNameError:[0m
      [31m  uninitialized constant User[0m
      [36m# /home/ec2-user/.rvm/gems/ruby-2.6.3/gems/factory_bot-6.1.0/lib/factory_bot/factory.rb:26:in `build_class'[0m
      [36m# /home/ec2-user/.rvm/gems/ruby-2.6.3/gems/factory_bot-6.1.0/lib/factory_bot/factory.rb:87:in `compile'[0m
      [36m# /home/ec2-user/.rvm/gems/ruby-2.6.3/gems/factory_bot-6.1.0/lib/factory_bot/factory_runner.rb:14:in `run'[0m
      [36m# /home/ec2-user/.rvm/gems/ruby-2.6.3/gems/factory_bot-6.1.0/lib/factory_bot/strategy_syntax_method_registrar.rb:28:in `block in define_singular_strategy_method'[0m
      [36m# ./spec/system/main_spec.rb:4:in `block (2 levels) in <main>'[0m

  61) ユーザー権限のテスト ログインしていない場合 投稿関連のURLにアクセス 詳細画面に遷移できない
      [31mFailure/Error: let!(:user) { create(:user) }[0m
      [31m[0m
      [31mNameError:[0m
      [31m  uninitialized constant User[0m
      [36m# /home/ec2-user/.rvm/gems/ruby-2.6.3/gems/factory_bot-6.1.0/lib/factory_bot/factory.rb:26:in `build_class'[0m
      [36m# /home/ec2-user/.rvm/gems/ruby-2.6.3/gems/factory_bot-6.1.0/lib/factory_bot/factory.rb:87:in `compile'[0m
      [36m# /home/ec2-user/.rvm/gems/ruby-2.6.3/gems/factory_bot-6.1.0/lib/factory_bot/factory_runner.rb:14:in `run'[0m
      [36m# /home/ec2-user/.rvm/gems/ruby-2.6.3/gems/factory_bot-6.1.0/lib/factory_bot/strategy_syntax_method_registrar.rb:28:in `block in define_singular_strategy_method'[0m
      [36m# ./spec/system/main_spec.rb:4:in `block (2 levels) in <main>'[0m

  62) ユーザー権限のテスト ログインしていない場合にユーザー関連のURLにアクセス ユーザー関連のURLにアクセス 一覧画面に遷移できない
      [31mFailure/Error: let!(:user) { create(:user) }[0m
      [31m[0m
      [31mNameError:[0m
      [31m  uninitialized constant User[0m
      [36m# /home/ec2-user/.rvm/gems/ruby-2.6.3/gems/factory_bot-6.1.0/lib/factory_bot/factory.rb:26:in `build_class'[0m
      [36m# /home/ec2-user/.rvm/gems/ruby-2.6.3/gems/factory_bot-6.1.0/lib/factory_bot/factory.rb:87:in `compile'[0m
      [36m# /home/ec2-user/.rvm/gems/ruby-2.6.3/gems/factory_bot-6.1.0/lib/factory_bot/factory_runner.rb:14:in `run'[0m
      [36m# /home/ec2-user/.rvm/gems/ruby-2.6.3/gems/factory_bot-6.1.0/lib/factory_bot/strategy_syntax_method_registrar.rb:28:in `block in define_singular_strategy_method'[0m
      [36m# ./spec/system/main_spec.rb:4:in `block (2 levels) in <main>'[0m

  63) ユーザー権限のテスト ログインしていない場合にユーザー関連のURLにアクセス ユーザー関連のURLにアクセス 編集画面に遷移できない
      [31mFailure/Error: let!(:user) { create(:user) }[0m
      [31m[0m
      [31mNameError:[0m
      [31m  uninitialized constant User[0m
      [36m# /home/ec2-user/.rvm/gems/ruby-2.6.3/gems/factory_bot-6.1.0/lib/factory_bot/factory.rb:26:in `build_class'[0m
      [36m# /home/ec2-user/.rvm/gems/ruby-2.6.3/gems/factory_bot-6.1.0/lib/factory_bot/factory.rb:87:in `compile'[0m
      [36m# /home/ec2-user/.rvm/gems/ruby-2.6.3/gems/factory_bot-6.1.0/lib/factory_bot/factory_runner.rb:14:in `run'[0m
      [36m# /home/ec2-user/.rvm/gems/ruby-2.6.3/gems/factory_bot-6.1.0/lib/factory_bot/strategy_syntax_method_registrar.rb:28:in `block in define_singular_strategy_method'[0m
      [36m# ./spec/system/main_spec.rb:4:in `block (2 levels) in <main>'[0m

  64) ユーザー権限のテスト ログインしていない場合にユーザー関連のURLにアクセス ユーザー関連のURLにアクセス 詳細画面に遷移でない
      [31mFailure/Error: let!(:user) { create(:user) }[0m
      [31m[0m
      [31mNameError:[0m
      [31m  uninitialized constant User[0m
      [36m# /home/ec2-user/.rvm/gems/ruby-2.6.3/gems/factory_bot-6.1.0/lib/factory_bot/factory.rb:26:in `build_class'[0m
      [36m# /home/ec2-user/.rvm/gems/ruby-2.6.3/gems/factory_bot-6.1.0/lib/factory_bot/factory.rb:87:in `compile'[0m
      [36m# /home/ec2-user/.rvm/gems/ruby-2.6.3/gems/factory_bot-6.1.0/lib/factory_bot/factory_runner.rb:14:in `run'[0m
      [36m# /home/ec2-user/.rvm/gems/ruby-2.6.3/gems/factory_bot-6.1.0/lib/factory_bot/strategy_syntax_method_registrar.rb:28:in `block in define_singular_strategy_method'[0m
      [36m# ./spec/system/main_spec.rb:4:in `block (2 levels) in <main>'[0m

  65) トップページのテスト ボディ部分のテスト 表示の確認 Log inリンクが表示される
      [31mFailure/Error: visit root_path[0m
      [31m[0m
      [31mNameError:[0m
      [31m  undefined local variable or method `root_path' for #<RSpec::ExampleGroups::Nested_4::Nested::Nested:0x00000000063290a0>[0m
      [36m# ./spec/system/top_spec.rb:6:in `block (2 levels) in <main>'[0m

  66) トップページのテスト ボディ部分のテスト 表示の確認 Sign Upリンクが表示される
      [31mFailure/Error: visit root_path[0m
      [31m[0m
      [31mNameError:[0m
      [31m  undefined local variable or method `root_path' for #<RSpec::ExampleGroups::Nested_4::Nested::Nested:0x0000000006387268>[0m
      [36m# ./spec/system/top_spec.rb:6:in `block (2 levels) in <main>'[0m

  67) トップページのテスト ボディ部分のテスト ログインしている場合の挙動を確認 Log inリンクをクリックしたらユーザー詳細画面へ遷移する
      [31mFailure/Error: visit root_path[0m
      [31m[0m
      [31mNameError:[0m
      [31m  undefined local variable or method `root_path' for #<RSpec::ExampleGroups::Nested_4::Nested::Nested_2:0x00000000063b0dc0>[0m
      [36m# ./spec/system/top_spec.rb:6:in `block (2 levels) in <main>'[0m

  68) トップページのテスト ボディ部分のテスト ログインしている場合の挙動を確認 Sign Upリンクをクリックしたらユーザー詳細画面に遷移する
      [31mFailure/Error: visit root_path[0m
      [31m[0m
      [31mNameError:[0m
      [31m  undefined local variable or method `root_path' for #<RSpec::ExampleGroups::Nested_4::Nested::Nested_2:0x00000000063ffc90>[0m
      [36m# ./spec/system/top_spec.rb:6:in `block (2 levels) in <main>'[0m

  69) トップページのテスト ボディ部分のテスト ログインしていない場合の挙動を確認 Log inリンクをクリックしたらログイン画面へ遷移する
      [31mFailure/Error: visit root_path[0m
      [31m[0m
      [31mNameError:[0m
      [31m  undefined local variable or method `root_path' for #<RSpec::ExampleGroups::Nested_4::Nested::Nested_3:0x000000000642bc50>[0m
      [36m# ./spec/system/top_spec.rb:6:in `block (2 levels) in <main>'[0m

  70) トップページのテスト ボディ部分のテスト ログインしていない場合の挙動を確認 Sign Upリンクをクリックしたら新規登録画面に遷移する
      [31mFailure/Error: visit root_path[0m
      [31m[0m
      [31mNameError:[0m
      [31m  undefined local variable or method `root_path' for #<RSpec::ExampleGroups::Nested_4::Nested::Nested_3:0x0000000006475ee0>[0m
      [36m# ./spec/system/top_spec.rb:6:in `block (2 levels) in <main>'[0m

  71) ユーザー認証のテスト ユーザー新規登録 新規登録画面に遷移 新規登録に成功する
      [31mFailure/Error: visit new_user_registration_path[0m
      [31m[0m
      [31mNameError:[0m
      [31m  undefined local variable or method `new_user_registration_path' for #<RSpec::ExampleGroups::Nested_5::Nested::Nested:0x00000000064be8c0>[0m
      [36m# ./spec/system/users_spec.rb:6:in `block (3 levels) in <main>'[0m

  72) ユーザー認証のテスト ユーザー新規登録 新規登録画面に遷移 新規登録に失敗する
      [31mFailure/Error: visit new_user_registration_path[0m
      [31m[0m
      [31mNameError:[0m
      [31m  undefined local variable or method `new_user_registration_path' for #<RSpec::ExampleGroups::Nested_5::Nested::Nested:0x000000000656e888>[0m
      [36m# ./spec/system/users_spec.rb:6:in `block (3 levels) in <main>'[0m

  73) ユーザー認証のテスト ユーザーログイン ログイン画面に遷移 ログインに成功する
      [31mFailure/Error: visit new_user_session_path[0m
      [31m[0m
      [31mNameError:[0m
      [31m  undefined local variable or method `new_user_session_path' for #<RSpec::ExampleGroups::Nested_5::Nested_2::Nested:0x00000000065e7968>[0m
      [36m# ./spec/system/users_spec.rb:32:in `block (3 levels) in <main>'[0m

  74) ユーザー認証のテスト ユーザーログイン ログイン画面に遷移 ログインに失敗する
      [31mFailure/Error: visit new_user_session_path[0m
      [31m[0m
      [31mNameError:[0m
      [31m  undefined local variable or method `new_user_session_path' for #<RSpec::ExampleGroups::Nested_5::Nested_2::Nested:0x0000000006618dd8>[0m
      [36m# ./spec/system/users_spec.rb:32:in `block (3 levels) in <main>'[0m

  75) ユーザーのテスト サイドバーのテスト 表示の確認 User infoと表示される
      [31mFailure/Error: let!(:test_user2) { create(:user) }[0m
      [31m[0m
      [31mNameError:[0m
      [31m  uninitialized constant User[0m
      [36m# /home/ec2-user/.rvm/gems/ruby-2.6.3/gems/factory_bot-6.1.0/lib/factory_bot/factory.rb:26:in `build_class'[0m
      [36m# /home/ec2-user/.rvm/gems/ruby-2.6.3/gems/factory_bot-6.1.0/lib/factory_bot/factory.rb:87:in `compile'[0m
      [36m# /home/ec2-user/.rvm/gems/ruby-2.6.3/gems/factory_bot-6.1.0/lib/factory_bot/factory_runner.rb:14:in `run'[0m
      [36m# /home/ec2-user/.rvm/gems/ruby-2.6.3/gems/factory_bot-6.1.0/lib/factory_bot/strategy_syntax_method_registrar.rb:28:in `block in define_singular_strategy_method'[0m
      [36m# ./spec/system/users_spec.rb:57:in `block (2 levels) in <main>'[0m

  76) ユーザーのテスト サイドバーのテスト 表示の確認 画像が表示される
      [31mFailure/Error: let!(:test_user2) { create(:user) }[0m
      [31m[0m
      [31mNameError:[0m
      [31m  uninitialized constant User[0m
      [36m# /home/ec2-user/.rvm/gems/ruby-2.6.3/gems/factory_bot-6.1.0/lib/factory_bot/factory.rb:26:in `build_class'[0m
      [36m# /home/ec2-user/.rvm/gems/ruby-2.6.3/gems/factory_bot-6.1.0/lib/factory_bot/factory.rb:87:in `compile'[0m
      [36m# /home/ec2-user/.rvm/gems/ruby-2.6.3/gems/factory_bot-6.1.0/lib/factory_bot/factory_runner.rb:14:in `run'[0m
      [36m# /home/ec2-user/.rvm/gems/ruby-2.6.3/gems/factory_bot-6.1.0/lib/factory_bot/strategy_syntax_method_registrar.rb:28:in `block in define_singular_strategy_method'[0m
      [36m# ./spec/system/users_spec.rb:57:in `block (2 levels) in <main>'[0m

  77) ユーザーのテスト サイドバーのテスト 表示の確認 名前が表示される
      [31mFailure/Error: let!(:test_user2) { create(:user) }[0m
      [31m[0m
      [31mNameError:[0m
      [31m  uninitialized constant User[0m
      [36m# /home/ec2-user/.rvm/gems/ruby-2.6.3/gems/factory_bot-6.1.0/lib/factory_bot/factory.rb:26:in `build_class'[0m
      [36m# /home/ec2-user/.rvm/gems/ruby-2.6.3/gems/factory_bot-6.1.0/lib/factory_bot/factory.rb:87:in `compile'[0m
      [36m# /home/ec2-user/.rvm/gems/ruby-2.6.3/gems/factory_bot-6.1.0/lib/factory_bot/factory_runner.rb:14:in `run'[0m
      [36m# /home/ec2-user/.rvm/gems/ruby-2.6.3/gems/factory_bot-6.1.0/lib/factory_bot/strategy_syntax_method_registrar.rb:28:in `block in define_singular_strategy_method'[0m
      [36m# ./spec/system/users_spec.rb:57:in `block (2 levels) in <main>'[0m

  78) ユーザーのテスト サイドバーのテスト 表示の確認 自己紹介が表示される
      [31mFailure/Error: let!(:test_user2) { create(:user) }[0m
      [31m[0m
      [31mNameError:[0m
      [31m  uninitialized constant User[0m
      [36m# /home/ec2-user/.rvm/gems/ruby-2.6.3/gems/factory_bot-6.1.0/lib/factory_bot/factory.rb:26:in `build_class'[0m
      [36m# /home/ec2-user/.rvm/gems/ruby-2.6.3/gems/factory_bot-6.1.0/lib/factory_bot/factory.rb:87:in `compile'[0m
      [36m# /home/ec2-user/.rvm/gems/ruby-2.6.3/gems/factory_bot-6.1.0/lib/factory_bot/factory_runner.rb:14:in `run'[0m
      [36m# /home/ec2-user/.rvm/gems/ruby-2.6.3/gems/factory_bot-6.1.0/lib/factory_bot/strategy_syntax_method_registrar.rb:28:in `block in define_singular_strategy_method'[0m
      [36m# ./spec/system/users_spec.rb:57:in `block (2 levels) in <main>'[0m

  79) ユーザーのテスト サイドバーのテスト 表示の確認 編集リンクが表示される
      [31mFailure/Error: let!(:test_user2) { create(:user) }[0m
      [31m[0m
      [31mNameError:[0m
      [31m  uninitialized constant User[0m
      [36m# /home/ec2-user/.rvm/gems/ruby-2.6.3/gems/factory_bot-6.1.0/lib/factory_bot/factory.rb:26:in `build_class'[0m
      [36m# /home/ec2-user/.rvm/gems/ruby-2.6.3/gems/factory_bot-6.1.0/lib/factory_bot/factory.rb:87:in `compile'[0m
      [36m# /home/ec2-user/.rvm/gems/ruby-2.6.3/gems/factory_bot-6.1.0/lib/factory_bot/factory_runner.rb:14:in `run'[0m
      [36m# /home/ec2-user/.rvm/gems/ruby-2.6.3/gems/factory_bot-6.1.0/lib/factory_bot/strategy_syntax_method_registrar.rb:28:in `block in define_singular_strategy_method'[0m
      [36m# ./spec/system/users_spec.rb:57:in `block (2 levels) in <main>'[0m

  80) ユーザーのテスト 編集のテスト 自分の編集画面への遷移 遷移できる
      [31mFailure/Error: let!(:test_user2) { create(:user) }[0m
      [31m[0m
      [31mNameError:[0m
      [31m  uninitialized constant User[0m
      [36m# /home/ec2-user/.rvm/gems/ruby-2.6.3/gems/factory_bot-6.1.0/lib/factory_bot/factory.rb:26:in `build_class'[0m
      [36m# /home/ec2-user/.rvm/gems/ruby-2.6.3/gems/factory_bot-6.1.0/lib/factory_bot/factory.rb:87:in `compile'[0m
      [36m# /home/ec2-user/.rvm/gems/ruby-2.6.3/gems/factory_bot-6.1.0/lib/factory_bot/factory_runner.rb:14:in `run'[0m
      [36m# /home/ec2-user/.rvm/gems/ruby-2.6.3/gems/factory_bot-6.1.0/lib/factory_bot/strategy_syntax_method_registrar.rb:28:in `block in define_singular_strategy_method'[0m
      [36m# ./spec/system/users_spec.rb:57:in `block (2 levels) in <main>'[0m

  81) ユーザーのテスト 編集のテスト 他人の編集画面への遷移 遷移できない
      [31mFailure/Error: let!(:test_user2) { create(:user) }[0m
      [31m[0m
      [31mNameError:[0m
      [31m  uninitialized constant User[0m
      [36m# /home/ec2-user/.rvm/gems/ruby-2.6.3/gems/factory_bot-6.1.0/lib/factory_bot/factory.rb:26:in `build_class'[0m
      [36m# /home/ec2-user/.rvm/gems/ruby-2.6.3/gems/factory_bot-6.1.0/lib/factory_bot/factory.rb:87:in `compile'[0m
      [36m# /home/ec2-user/.rvm/gems/ruby-2.6.3/gems/factory_bot-6.1.0/lib/factory_bot/factory_runner.rb:14:in `run'[0m
      [36m# /home/ec2-user/.rvm/gems/ruby-2.6.3/gems/factory_bot-6.1.0/lib/factory_bot/strategy_syntax_method_registrar.rb:28:in `block in define_singular_strategy_method'[0m
      [36m# ./spec/system/users_spec.rb:57:in `block (2 levels) in <main>'[0m

  82) ユーザーのテスト 編集のテスト 表示の確認 User infoと表示される
      [31mFailure/Error: let!(:test_user2) { create(:user) }[0m
      [31m[0m
      [31mNameError:[0m
      [31m  uninitialized constant User[0m
      [36m# /home/ec2-user/.rvm/gems/ruby-2.6.3/gems/factory_bot-6.1.0/lib/factory_bot/factory.rb:26:in `build_class'[0m
      [36m# /home/ec2-user/.rvm/gems/ruby-2.6.3/gems/factory_bot-6.1.0/lib/factory_bot/factory.rb:87:in `compile'[0m
      [36m# /home/ec2-user/.rvm/gems/ruby-2.6.3/gems/factory_bot-6.1.0/lib/factory_bot/factory_runner.rb:14:in `run'[0m
      [36m# /home/ec2-user/.rvm/gems/ruby-2.6.3/gems/factory_bot-6.1.0/lib/factory_bot/strategy_syntax_method_registrar.rb:28:in `block in define_singular_strategy_method'[0m
      [36m# ./spec/system/users_spec.rb:57:in `block (2 levels) in <main>'[0m

  83) ユーザーのテスト 編集のテスト 表示の確認 名前編集フォームに自分の名前が表示される
      [31mFailure/Error: let!(:test_user2) { create(:user) }[0m
      [31m[0m
      [31mNameError:[0m
      [31m  uninitialized constant User[0m
      [36m# /home/ec2-user/.rvm/gems/ruby-2.6.3/gems/factory_bot-6.1.0/lib/factory_bot/factory.rb:26:in `build_class'[0m
      [36m# /home/ec2-user/.rvm/gems/ruby-2.6.3/gems/factory_bot-6.1.0/lib/factory_bot/factory.rb:87:in `compile'[0m
      [36m# /home/ec2-user/.rvm/gems/ruby-2.6.3/gems/factory_bot-6.1.0/lib/factory_bot/factory_runner.rb:14:in `run'[0m
      [36m# /home/ec2-user/.rvm/gems/ruby-2.6.3/gems/factory_bot-6.1.0/lib/factory_bot/strategy_syntax_method_registrar.rb:28:in `block in define_singular_strategy_method'[0m
      [36m# ./spec/system/users_spec.rb:57:in `block (2 levels) in <main>'[0m

  84) ユーザーのテスト 編集のテスト 表示の確認 画像編集フォームが表示される
      [31mFailure/Error: let!(:test_user2) { create(:user) }[0m
      [31m[0m
      [31mNameError:[0m
      [31m  uninitialized constant User[0m
      [36m# /home/ec2-user/.rvm/gems/ruby-2.6.3/gems/factory_bot-6.1.0/lib/factory_bot/factory.rb:26:in `build_class'[0m
      [36m# /home/ec2-user/.rvm/gems/ruby-2.6.3/gems/factory_bot-6.1.0/lib/factory_bot/factory.rb:87:in `compile'[0m
      [36m# /home/ec2-user/.rvm/gems/ruby-2.6.3/gems/factory_bot-6.1.0/lib/factory_bot/factory_runner.rb:14:in `run'[0m
      [36m# /home/ec2-user/.rvm/gems/ruby-2.6.3/gems/factory_bot-6.1.0/lib/factory_bot/strategy_syntax_method_registrar.rb:28:in `block in define_singular_strategy_method'[0m
      [36m# ./spec/system/users_spec.rb:57:in `block (2 levels) in <main>'[0m

  85) ユーザーのテスト 編集のテスト 表示の確認 自己紹介編集フォームに自分の自己紹介が表示される
      [31mFailure/Error: let!(:test_user2) { create(:user) }[0m
      [31m[0m
      [31mNameError:[0m
      [31m  uninitialized constant User[0m
      [36m# /home/ec2-user/.rvm/gems/ruby-2.6.3/gems/factory_bot-6.1.0/lib/factory_bot/factory.rb:26:in `build_class'[0m
      [36m# /home/ec2-user/.rvm/gems/ruby-2.6.3/gems/factory_bot-6.1.0/lib/factory_bot/factory.rb:87:in `compile'[0m
      [36m# /home/ec2-user/.rvm/gems/ruby-2.6.3/gems/factory_bot-6.1.0/lib/factory_bot/factory_runner.rb:14:in `run'[0m
      [36m# /home/ec2-user/.rvm/gems/ruby-2.6.3/gems/factory_bot-6.1.0/lib/factory_bot/strategy_syntax_method_registrar.rb:28:in `block in define_singular_strategy_method'[0m
      [36m# ./spec/system/users_spec.rb:57:in `block (2 levels) in <main>'[0m

  86) ユーザーのテスト 編集のテスト 表示の確認 編集に成功する
      [31mFailure/Error: let!(:test_user2) { create(:user) }[0m
      [31m[0m
      [31mNameError:[0m
      [31m  uninitialized constant User[0m
      [36m# /home/ec2-user/.rvm/gems/ruby-2.6.3/gems/factory_bot-6.1.0/lib/factory_bot/factory.rb:26:in `build_class'[0m
      [36m# /home/ec2-user/.rvm/gems/ruby-2.6.3/gems/factory_bot-6.1.0/lib/factory_bot/factory.rb:87:in `compile'[0m
      [36m# /home/ec2-user/.rvm/gems/ruby-2.6.3/gems/factory_bot-6.1.0/lib/factory_bot/factory_runner.rb:14:in `run'[0m
      [36m# /home/ec2-user/.rvm/gems/ruby-2.6.3/gems/factory_bot-6.1.0/lib/factory_bot/strategy_syntax_method_registrar.rb:28:in `block in define_singular_strategy_method'[0m
      [36m# ./spec/system/users_spec.rb:57:in `block (2 levels) in <main>'[0m

  87) ユーザーのテスト 編集のテスト 表示の確認 編集に失敗する
      [31mFailure/Error: let!(:test_user2) { create(:user) }[0m
      [31m[0m
      [31mNameError:[0m
      [31m  uninitialized constant User[0m
      [36m# /home/ec2-user/.rvm/gems/ruby-2.6.3/gems/factory_bot-6.1.0/lib/factory_bot/factory.rb:26:in `build_class'[0m
      [36m# /home/ec2-user/.rvm/gems/ruby-2.6.3/gems/factory_bot-6.1.0/lib/factory_bot/factory.rb:87:in `compile'[0m
      [36m# /home/ec2-user/.rvm/gems/ruby-2.6.3/gems/factory_bot-6.1.0/lib/factory_bot/factory_runner.rb:14:in `run'[0m
      [36m# /home/ec2-user/.rvm/gems/ruby-2.6.3/gems/factory_bot-6.1.0/lib/factory_bot/strategy_syntax_method_registrar.rb:28:in `block in define_singular_strategy_method'[0m
      [36m# ./spec/system/users_spec.rb:57:in `block (2 levels) in <main>'[0m

  88) ユーザーのテスト 一覧画面のテスト 表示の確認 Usersと表示される
      [31mFailure/Error: let!(:test_user2) { create(:user) }[0m
      [31m[0m
      [31mNameError:[0m
      [31m  uninitialized constant User[0m
      [36m# /home/ec2-user/.rvm/gems/ruby-2.6.3/gems/factory_bot-6.1.0/lib/factory_bot/factory.rb:26:in `build_class'[0m
      [36m# /home/ec2-user/.rvm/gems/ruby-2.6.3/gems/factory_bot-6.1.0/lib/factory_bot/factory.rb:87:in `compile'[0m
      [36m# /home/ec2-user/.rvm/gems/ruby-2.6.3/gems/factory_bot-6.1.0/lib/factory_bot/factory_runner.rb:14:in `run'[0m
      [36m# /home/ec2-user/.rvm/gems/ruby-2.6.3/gems/factory_bot-6.1.0/lib/factory_bot/strategy_syntax_method_registrar.rb:28:in `block in define_singular_strategy_method'[0m
      [36m# ./spec/system/users_spec.rb:57:in `block (2 levels) in <main>'[0m

  89) ユーザーのテスト 一覧画面のテスト 表示の確認 自分と他の人の画像が表示される
      [31mFailure/Error: let!(:test_user2) { create(:user) }[0m
      [31m[0m
      [31mNameError:[0m
      [31m  uninitialized constant User[0m
      [36m# /home/ec2-user/.rvm/gems/ruby-2.6.3/gems/factory_bot-6.1.0/lib/factory_bot/factory.rb:26:in `build_class'[0m
      [36m# /home/ec2-user/.rvm/gems/ruby-2.6.3/gems/factory_bot-6.1.0/lib/factory_bot/factory.rb:87:in `compile'[0m
      [36m# /home/ec2-user/.rvm/gems/ruby-2.6.3/gems/factory_bot-6.1.0/lib/factory_bot/factory_runner.rb:14:in `run'[0m
      [36m# /home/ec2-user/.rvm/gems/ruby-2.6.3/gems/factory_bot-6.1.0/lib/factory_bot/strategy_syntax_method_registrar.rb:28:in `block in define_singular_strategy_method'[0m
      [36m# ./spec/system/users_spec.rb:57:in `block (2 levels) in <main>'[0m

  90) ユーザーのテスト 一覧画面のテスト 表示の確認 自分と他の人の名前が表示される
      [31mFailure/Error: let!(:test_user2) { create(:user) }[0m
      [31m[0m
      [31mNameError:[0m
      [31m  uninitialized constant User[0m
      [36m# /home/ec2-user/.rvm/gems/ruby-2.6.3/gems/factory_bot-6.1.0/lib/factory_bot/factory.rb:26:in `build_class'[0m
      [36m# /home/ec2-user/.rvm/gems/ruby-2.6.3/gems/factory_bot-6.1.0/lib/factory_bot/factory.rb:87:in `compile'[0m
      [36m# /home/ec2-user/.rvm/gems/ruby-2.6.3/gems/factory_bot-6.1.0/lib/factory_bot/factory_runner.rb:14:in `run'[0m
      [36m# /home/ec2-user/.rvm/gems/ruby-2.6.3/gems/factory_bot-6.1.0/lib/factory_bot/strategy_syntax_method_registrar.rb:28:in `block in define_singular_strategy_method'[0m
      [36m# ./spec/system/users_spec.rb:57:in `block (2 levels) in <main>'[0m

  91) ユーザーのテスト 一覧画面のテスト 表示の確認 showリンクが表示される
      [31mFailure/Error: let!(:test_user2) { create(:user) }[0m
      [31m[0m
      [31mNameError:[0m
      [31m  uninitialized constant User[0m
      [36m# /home/ec2-user/.rvm/gems/ruby-2.6.3/gems/factory_bot-6.1.0/lib/factory_bot/factory.rb:26:in `build_class'[0m
      [36m# /home/ec2-user/.rvm/gems/ruby-2.6.3/gems/factory_bot-6.1.0/lib/factory_bot/factory.rb:87:in `compile'[0m
      [36m# /home/ec2-user/.rvm/gems/ruby-2.6.3/gems/factory_bot-6.1.0/lib/factory_bot/factory_runner.rb:14:in `run'[0m
      [36m# /home/ec2-user/.rvm/gems/ruby-2.6.3/gems/factory_bot-6.1.0/lib/factory_bot/strategy_syntax_method_registrar.rb:28:in `block in define_singular_strategy_method'[0m
      [36m# ./spec/system/users_spec.rb:57:in `block (2 levels) in <main>'[0m

  92) ユーザーのテスト 詳細画面のテスト 表示の確認 Booksと表示される
      [31mFailure/Error: let!(:test_user2) { create(:user) }[0m
      [31m[0m
      [31mNameError:[0m
      [31m  uninitialized constant User[0m
      [36m# /home/ec2-user/.rvm/gems/ruby-2.6.3/gems/factory_bot-6.1.0/lib/factory_bot/factory.rb:26:in `build_class'[0m
      [36m# /home/ec2-user/.rvm/gems/ruby-2.6.3/gems/factory_bot-6.1.0/lib/factory_bot/factory.rb:87:in `compile'[0m
      [36m# /home/ec2-user/.rvm/gems/ruby-2.6.3/gems/factory_bot-6.1.0/lib/factory_bot/factory_runner.rb:14:in `run'[0m
      [36m# /home/ec2-user/.rvm/gems/ruby-2.6.3/gems/factory_bot-6.1.0/lib/factory_bot/strategy_syntax_method_registrar.rb:28:in `block in define_singular_strategy_method'[0m
      [36m# ./spec/system/users_spec.rb:57:in `block (2 levels) in <main>'[0m

  93) ユーザーのテスト 詳細画面のテスト 表示の確認 投稿一覧のユーザーの画像のリンク先が正しい
      [31mFailure/Error: let!(:test_user2) { create(:user) }[0m
      [31m[0m
      [31mNameError:[0m
      [31m  uninitialized constant User[0m
      [36m# /home/ec2-user/.rvm/gems/ruby-2.6.3/gems/factory_bot-6.1.0/lib/factory_bot/factory.rb:26:in `build_class'[0m
      [36m# /home/ec2-user/.rvm/gems/ruby-2.6.3/gems/factory_bot-6.1.0/lib/factory_bot/factory.rb:87:in `compile'[0m
      [36m# /home/ec2-user/.rvm/gems/ruby-2.6.3/gems/factory_bot-6.1.0/lib/factory_bot/factory_runner.rb:14:in `run'[0m
      [36m# /home/ec2-user/.rvm/gems/ruby-2.6.3/gems/factory_bot-6.1.0/lib/factory_bot/strategy_syntax_method_registrar.rb:28:in `block in define_singular_strategy_method'[0m
      [36m# ./spec/system/users_spec.rb:57:in `block (2 levels) in <main>'[0m

  94) ユーザーのテスト 詳細画面のテスト 表示の確認 投稿一覧のtitleのリンク先が正しい
      [31mFailure/Error: let!(:test_user2) { create(:user) }[0m
      [31m[0m
      [31mNameError:[0m
      [31m  uninitialized constant User[0m
      [36m# /home/ec2-user/.rvm/gems/ruby-2.6.3/gems/factory_bot-6.1.0/lib/factory_bot/factory.rb:26:in `build_class'[0m
      [36m# /home/ec2-user/.rvm/gems/ruby-2.6.3/gems/factory_bot-6.1.0/lib/factory_bot/factory.rb:87:in `compile'[0m
      [36m# /home/ec2-user/.rvm/gems/ruby-2.6.3/gems/factory_bot-6.1.0/lib/factory_bot/factory_runner.rb:14:in `run'[0m
      [36m# /home/ec2-user/.rvm/gems/ruby-2.6.3/gems/factory_bot-6.1.0/lib/factory_bot/strategy_syntax_method_registrar.rb:28:in `block in define_singular_strategy_method'[0m
      [36m# ./spec/system/users_spec.rb:57:in `block (2 levels) in <main>'[0m

  95) ユーザーのテスト 詳細画面のテスト 表示の確認 投稿一覧にopinionが表示される
      [31mFailure/Error: let!(:test_user2) { create(:user) }[0m
      [31m[0m
      [31mNameError:[0m
      [31m  uninitialized constant User[0m
      [36m# /home/ec2-user/.rvm/gems/ruby-2.6.3/gems/factory_bot-6.1.0/lib/factory_bot/factory.rb:26:in `build_class'[0m
      [36m# /home/ec2-user/.rvm/gems/ruby-2.6.3/gems/factory_bot-6.1.0/lib/factory_bot/factory.rb:87:in `compile'[0m
      [36m# /home/ec2-user/.rvm/gems/ruby-2.6.3/gems/factory_bot-6.1.0/lib/factory_bot/factory_runner.rb:14:in `run'[0m
      [36m# /home/ec2-user/.rvm/gems/ruby-2.6.3/gems/factory_bot-6.1.0/lib/factory_bot/strategy_syntax_method_registrar.rb:28:in `block in define_singular_strategy_method'[0m
      [36m# ./spec/system/users_spec.rb:57:in `block (2 levels) in <main>'[0m

Finished in 0.47896 seconds (files took 2.92 seconds to load)
[31m95 examples, 95 failures[0m

Failed examples:

[31mrspec ./spec/models/book_spec.rb:9[0m [36m# Bookモデルのテスト バリデーションのテスト titleカラム 空欄でないこと[0m
[31mrspec ./spec/models/book_spec.rb:15[0m [36m# Bookモデルのテスト バリデーションのテスト bodyカラム 空欄でないこと[0m
[31mrspec ./spec/models/book_spec.rb:19[0m [36m# Bookモデルのテスト バリデーションのテスト bodyカラム 200文字以下であること[0m
[31mrspec ./spec/models/book_spec.rb:27[0m [36m# Bookモデルのテスト アソシエーションのテスト Userモデルとの関係 N:1となっている[0m
[31mrspec ./spec/models/user_spec.rb:14[0m [36m# Userモデルのテスト バリデーションのテスト nameカラム 空欄でないこと[0m
[31mrspec ./spec/models/user_spec.rb:18[0m [36m# Userモデルのテスト バリデーションのテスト nameカラム 2文字以上であること[0m
[31mrspec ./spec/models/user_spec.rb:22[0m [36m# Userモデルのテスト バリデーションのテスト nameカラム 20文字以下であること[0m
[31mrspec ./spec/models/user_spec.rb:30[0m [36m# Userモデルのテスト バリデーションのテスト introductionカラム 50文字以下であること[0m
[31mrspec ./spec/models/user_spec.rb:38[0m [36m# Userモデルのテスト アソシエーションのテスト Bookモデルとの関係 1:Nとなっている[0m
[31mrspec ./spec/system/books_spec.rb:16[0m [36m# 投稿のテスト サイドバーのテスト 表示の確認 New bookと表示される[0m
[31mrspec ./spec/system/books_spec.rb:19[0m [36m# 投稿のテスト サイドバーのテスト 表示の確認 titleフォームが表示される[0m
[31mrspec ./spec/system/books_spec.rb:22[0m [36m# 投稿のテスト サイドバーのテスト 表示の確認 opinionフォームが表示される[0m
[31mrspec ./spec/system/books_spec.rb:25[0m [36m# 投稿のテスト サイドバーのテスト 表示の確認 Create Bookボタンが表示される[0m
[31mrspec ./spec/system/books_spec.rb:28[0m [36m# 投稿のテスト サイドバーのテスト 表示の確認 投稿に成功する[0m
[31mrspec ./spec/system/books_spec.rb:34[0m [36m# 投稿のテスト サイドバーのテスト 表示の確認 投稿に失敗する[0m
[31mrspec ./spec/system/books_spec.rb:44[0m [36m# 投稿のテスト 編集のテスト 自分の投稿の編集画面への遷移 遷移できる[0m
[31mrspec ./spec/system/books_spec.rb:50[0m [36m# 投稿のテスト 編集のテスト 他人の投稿の編集画面への遷移 遷移できない[0m
[31mrspec ./spec/system/books_spec.rb:59[0m [36m# 投稿のテスト 編集のテスト 表示の確認 Editing Bookと表示される[0m
[31mrspec ./spec/system/books_spec.rb:62[0m [36m# 投稿のテスト 編集のテスト 表示の確認 title編集フォームが表示される[0m
[31mrspec ./spec/system/books_spec.rb:65[0m [36m# 投稿のテスト 編集のテスト 表示の確認 opinion編集フォームが表示される[0m
[31mrspec ./spec/system/books_spec.rb:68[0m [36m# 投稿のテスト 編集のテスト 表示の確認 Showリンクが表示される[0m
[31mrspec ./spec/system/books_spec.rb:71[0m [36m# 投稿のテスト 編集のテスト 表示の確認 Backリンクが表示される[0m
[31mrspec ./spec/system/books_spec.rb:76[0m [36m# 投稿のテスト 編集のテスト フォームの確認 編集に成功する[0m
[31mrspec ./spec/system/books_spec.rb:82[0m [36m# 投稿のテスト 編集のテスト フォームの確認 編集に失敗する[0m
[31mrspec ./spec/system/books_spec.rb:97[0m [36m# 投稿のテスト 一覧画面のテスト 表示の確認 Booksと表示される[0m
[31mrspec ./spec/system/books_spec.rb:100[0m [36m# 投稿のテスト 一覧画面のテスト 表示の確認 自分と他人の画像のリンク先が正しい[0m
[31mrspec ./spec/system/books_spec.rb:104[0m [36m# 投稿のテスト 一覧画面のテスト 表示の確認 自分と他人のタイトルのリンク先が正しい[0m
[31mrspec ./spec/system/books_spec.rb:108[0m [36m# 投稿のテスト 一覧画面のテスト 表示の確認 自分と他人のオピニオンが表示される[0m
[31mrspec ./spec/system/books_spec.rb:117[0m [36m# 投稿のテスト 詳細画面のテスト 自分・他人共通の投稿詳細画面の表示を確認 Book detailと表示される[0m
[31mrspec ./spec/system/books_spec.rb:121[0m [36m# 投稿のテスト 詳細画面のテスト 自分・他人共通の投稿詳細画面の表示を確認 ユーザー画像・名前のリンク先が正しい[0m
[31mrspec ./spec/system/books_spec.rb:125[0m [36m# 投稿のテスト 詳細画面のテスト 自分・他人共通の投稿詳細画面の表示を確認 投稿のtitleが表示される[0m
[31mrspec ./spec/system/books_spec.rb:129[0m [36m# 投稿のテスト 詳細画面のテスト 自分・他人共通の投稿詳細画面の表示を確認 投稿のopinionが表示される[0m
[31mrspec ./spec/system/books_spec.rb:135[0m [36m# 投稿のテスト 詳細画面のテスト 自分の投稿詳細画面の表示を確認 投稿の編集リンクが表示される[0m
[31mrspec ./spec/system/books_spec.rb:139[0m [36m# 投稿のテスト 詳細画面のテスト 自分の投稿詳細画面の表示を確認 投稿の削除リンクが表示される[0m
[31mrspec ./spec/system/books_spec.rb:145[0m [36m# 投稿のテスト 詳細画面のテスト 他人の投稿詳細画面の表示を確認 投稿の編集リンクが表示されない[0m
[31mrspec ./spec/system/books_spec.rb:149[0m [36m# 投稿のテスト 詳細画面のテスト 他人の投稿詳細画面の表示を確認 投稿の削除リンクが表示されない[0m
[31mrspec ./spec/system/bootstrap_spec.rb:14[0m [36m# bootstrapのテスト グリッドシステムのテスト ユーザー関連画面 一覧画面[0m
[31mrspec ./spec/system/bootstrap_spec.rb:19[0m [36m# bootstrapのテスト グリッドシステムのテスト ユーザー関連画面 詳細画面[0m
[31mrspec ./spec/system/bootstrap_spec.rb:26[0m [36m# bootstrapのテスト グリッドシステムのテスト 投稿関連画面 一覧画面[0m
[31mrspec ./spec/system/bootstrap_spec.rb:31[0m [36m# bootstrapのテスト グリッドシステムのテスト 投稿関連画面 詳細画面[0m
[31mrspec ./spec/system/header_spec.rb:10[0m [36m# ヘッダーのテスト ログインしていない場合 ヘッダーの表示を確認 タイトルが表示される[0m
[31mrspec ./spec/system/header_spec.rb:13[0m [36m# ヘッダーのテスト ログインしていない場合 ヘッダーの表示を確認 Homeリンクが表示される[0m
[31mrspec ./spec/system/header_spec.rb:18[0m [36m# ヘッダーのテスト ログインしていない場合 ヘッダーの表示を確認 Aboutリンクが表示される[0m
[31mrspec ./spec/system/header_spec.rb:23[0m [36m# ヘッダーのテスト ログインしていない場合 ヘッダーの表示を確認 Sign upリンクが表示される[0m
[31mrspec ./spec/system/header_spec.rb:28[0m [36m# ヘッダーのテスト ログインしていない場合 ヘッダーの表示を確認 loginリンクが表示される[0m
[31mrspec ./spec/system/header_spec.rb:36[0m [36m# ヘッダーのテスト ログインしていない場合 ヘッダーのリンクを確認 Home画面に遷移する[0m
[31mrspec ./spec/system/header_spec.rb:43[0m [36m# ヘッダーのテスト ログインしていない場合 ヘッダーのリンクを確認 About画面に遷移する[0m
[31mrspec ./spec/system/header_spec.rb:49[0m [36m# ヘッダーのテスト ログインしていない場合 ヘッダーのリンクを確認 新規登録画面に遷移する[0m
[31mrspec ./spec/system/header_spec.rb:55[0m [36m# ヘッダーのテスト ログインしていない場合 ヘッダーのリンクを確認 ログイン画面に遷移する[0m
[31mrspec ./spec/system/header_spec.rb:74[0m [36m# ヘッダーのテスト ログインしている場合 ヘッダーの表示を確認 タイトルが表示される[0m
[31mrspec ./spec/system/header_spec.rb:77[0m [36m# ヘッダーのテスト ログインしている場合 ヘッダーの表示を確認 Homeリンクが表示される[0m
[31mrspec ./spec/system/header_spec.rb:81[0m [36m# ヘッダーのテスト ログインしている場合 ヘッダーの表示を確認 Usersリンクが表示される[0m
[31mrspec ./spec/system/header_spec.rb:85[0m [36m# ヘッダーのテスト ログインしている場合 ヘッダーの表示を確認 Booksリンクが表示される[0m
[31mrspec ./spec/system/header_spec.rb:89[0m [36m# ヘッダーのテスト ログインしている場合 ヘッダーの表示を確認 logoutリンクが表示される[0m
[31mrspec ./spec/system/header_spec.rb:97[0m [36m# ヘッダーのテスト ログインしている場合 ヘッダーのリンクを確認 Home画面に遷移する[0m
[31mrspec ./spec/system/header_spec.rb:103[0m [36m# ヘッダーのテスト ログインしている場合 ヘッダーのリンクを確認 Users画面に遷移する[0m
[31mrspec ./spec/system/header_spec.rb:109[0m [36m# ヘッダーのテスト ログインしている場合 ヘッダーのリンクを確認 Books画面に遷移する[0m
[31mrspec ./spec/system/header_spec.rb:115[0m [36m# ヘッダーのテスト ログインしている場合 ヘッダーのリンクを確認 logoutする[0m
[31mrspec ./spec/system/main_spec.rb:8[0m [36m# ユーザー権限のテスト ログインしていない場合 投稿関連のURLにアクセス 一覧画面に遷移できない[0m
[31mrspec ./spec/system/main_spec.rb:12[0m [36m# ユーザー権限のテスト ログインしていない場合 投稿関連のURLにアクセス 編集画面に遷移できない[0m
[31mrspec ./spec/system/main_spec.rb:16[0m [36m# ユーザー権限のテスト ログインしていない場合 投稿関連のURLにアクセス 詳細画面に遷移できない[0m
[31mrspec ./spec/system/main_spec.rb:24[0m [36m# ユーザー権限のテスト ログインしていない場合にユーザー関連のURLにアクセス ユーザー関連のURLにアクセス 一覧画面に遷移できない[0m
[31mrspec ./spec/system/main_spec.rb:28[0m [36m# ユーザー権限のテスト ログインしていない場合にユーザー関連のURLにアクセス ユーザー関連のURLにアクセス 編集画面に遷移できない[0m
[31mrspec ./spec/system/main_spec.rb:32[0m [36m# ユーザー権限のテスト ログインしていない場合にユーザー関連のURLにアクセス ユーザー関連のURLにアクセス 詳細画面に遷移でない[0m
[31mrspec ./spec/system/top_spec.rb:10[0m [36m# トップページのテスト ボディ部分のテスト 表示の確認 Log inリンクが表示される[0m
[31mrspec ./spec/system/top_spec.rb:15[0m [36m# トップページのテスト ボディ部分のテスト 表示の確認 Sign Upリンクが表示される[0m
[31mrspec ./spec/system/top_spec.rb:30[0m [36m# トップページのテスト ボディ部分のテスト ログインしている場合の挙動を確認 Log inリンクをクリックしたらユーザー詳細画面へ遷移する[0m
[31mrspec ./spec/system/top_spec.rb:35[0m [36m# トップページのテスト ボディ部分のテスト ログインしている場合の挙動を確認 Sign Upリンクをクリックしたらユーザー詳細画面に遷移する[0m
[31mrspec ./spec/system/top_spec.rb:43[0m [36m# トップページのテスト ボディ部分のテスト ログインしていない場合の挙動を確認 Log inリンクをクリックしたらログイン画面へ遷移する[0m
[31mrspec ./spec/system/top_spec.rb:48[0m [36m# トップページのテスト ボディ部分のテスト ログインしていない場合の挙動を確認 Sign Upリンクをクリックしたら新規登録画面に遷移する[0m
[31mrspec ./spec/system/users_spec.rb:9[0m [36m# ユーザー認証のテスト ユーザー新規登録 新規登録画面に遷移 新規登録に成功する[0m
[31mrspec ./spec/system/users_spec.rb:18[0m [36m# ユーザー認証のテスト ユーザー新規登録 新規登録画面に遷移 新規登録に失敗する[0m
[31mrspec ./spec/system/users_spec.rb:36[0m [36m# ユーザー認証のテスト ユーザーログイン ログイン画面に遷移 ログインに成功する[0m
[31mrspec ./spec/system/users_spec.rb:44[0m [36m# ユーザー認証のテスト ユーザーログイン ログイン画面に遷移 ログインに失敗する[0m
[31mrspec ./spec/system/users_spec.rb:67[0m [36m# ユーザーのテスト サイドバーのテスト 表示の確認 User infoと表示される[0m
[31mrspec ./spec/system/users_spec.rb:70[0m [36m# ユーザーのテスト サイドバーのテスト 表示の確認 画像が表示される[0m
[31mrspec ./spec/system/users_spec.rb:73[0m [36m# ユーザーのテスト サイドバーのテスト 表示の確認 名前が表示される[0m
[31mrspec ./spec/system/users_spec.rb:76[0m [36m# ユーザーのテスト サイドバーのテスト 表示の確認 自己紹介が表示される[0m
[31mrspec ./spec/system/users_spec.rb:79[0m [36m# ユーザーのテスト サイドバーのテスト 表示の確認 編集リンクが表示される[0m
[31mrspec ./spec/system/users_spec.rb:88[0m [36m# ユーザーのテスト 編集のテスト 自分の編集画面への遷移 遷移できる[0m
[31mrspec ./spec/system/users_spec.rb:94[0m [36m# ユーザーのテスト 編集のテスト 他人の編集画面への遷移 遷移できない[0m
[31mrspec ./spec/system/users_spec.rb:104[0m [36m# ユーザーのテスト 編集のテスト 表示の確認 User infoと表示される[0m
[31mrspec ./spec/system/users_spec.rb:107[0m [36m# ユーザーのテスト 編集のテスト 表示の確認 名前編集フォームに自分の名前が表示される[0m
[31mrspec ./spec/system/users_spec.rb:110[0m [36m# ユーザーのテスト 編集のテスト 表示の確認 画像編集フォームが表示される[0m
[31mrspec ./spec/system/users_spec.rb:113[0m [36m# ユーザーのテスト 編集のテスト 表示の確認 自己紹介編集フォームに自分の自己紹介が表示される[0m
[31mrspec ./spec/system/users_spec.rb:116[0m [36m# ユーザーのテスト 編集のテスト 表示の確認 編集に成功する[0m
[31mrspec ./spec/system/users_spec.rb:121[0m [36m# ユーザーのテスト 編集のテスト 表示の確認 編集に失敗する[0m
[31mrspec ./spec/system/users_spec.rb:136[0m [36m# ユーザーのテスト 一覧画面のテスト 表示の確認 Usersと表示される[0m
[31mrspec ./spec/system/users_spec.rb:139[0m [36m# ユーザーのテスト 一覧画面のテスト 表示の確認 自分と他の人の画像が表示される[0m
[31mrspec ./spec/system/users_spec.rb:142[0m [36m# ユーザーのテスト 一覧画面のテスト 表示の確認 自分と他の人の名前が表示される[0m
[31mrspec ./spec/system/users_spec.rb:146[0m [36m# ユーザーのテスト 一覧画面のテスト 表示の確認 showリンクが表示される[0m
[31mrspec ./spec/system/users_spec.rb:157[0m [36m# ユーザーのテスト 詳細画面のテスト 表示の確認 Booksと表示される[0m
[31mrspec ./spec/system/users_spec.rb:160[0m [36m# ユーザーのテスト 詳細画面のテスト 表示の確認 投稿一覧のユーザーの画像のリンク先が正しい[0m
[31mrspec ./spec/system/users_spec.rb:163[0m [36m# ユーザーのテスト 詳細画面のテスト 表示の確認 投稿一覧のtitleのリンク先が正しい[0m
[31mrspec ./spec/system/users_spec.rb:166[0m [36m# ユーザーのテスト 詳細画面のテスト 表示の確認 投稿一覧にopinionが表示される[0m

